mode: atomic
github.com/sirosfoundation/go-grc/pkg/audit/audit.go:84.48,91.16 3 3
github.com/sirosfoundation/go-grc/pkg/audit/audit.go:91.16,93.3 1 0
github.com/sirosfoundation/go-grc/pkg/audit/audit.go:95.2,95.32 1 3
github.com/sirosfoundation/go-grc/pkg/audit/audit.go:95.32,96.61 1 3
github.com/sirosfoundation/go-grc/pkg/audit/audit.go:96.61,97.12 1 0
github.com/sirosfoundation/go-grc/pkg/audit/audit.go:100.3,102.17 3 3
github.com/sirosfoundation/go-grc/pkg/audit/audit.go:102.17,104.4 1 0
github.com/sirosfoundation/go-grc/pkg/audit/audit.go:106.3,107.51 2 3
github.com/sirosfoundation/go-grc/pkg/audit/audit.go:107.51,109.4 1 0
github.com/sirosfoundation/go-grc/pkg/audit/audit.go:111.3,115.37 4 3
github.com/sirosfoundation/go-grc/pkg/audit/audit.go:115.37,119.45 3 12
github.com/sirosfoundation/go-grc/pkg/audit/audit.go:119.45,121.5 1 0
github.com/sirosfoundation/go-grc/pkg/audit/audit.go:122.4,124.38 2 12
github.com/sirosfoundation/go-grc/pkg/audit/audit.go:124.38,126.5 1 18
github.com/sirosfoundation/go-grc/pkg/audit/audit.go:130.2,130.17 1 3
github.com/sirosfoundation/go-grc/pkg/audit/audit.go:133.36,135.16 2 1
github.com/sirosfoundation/go-grc/pkg/audit/audit.go:135.16,137.3 1 0
github.com/sirosfoundation/go-grc/pkg/audit/audit.go:138.2,138.42 1 1
github.com/sirosfoundation/go-grc/pkg/audit/audit.go:141.44,142.26 1 1
github.com/sirosfoundation/go-grc/pkg/audit/audit.go:142.26,144.3 1 1
github.com/sirosfoundation/go-grc/pkg/audit/audit.go:145.2,145.37 1 1
github.com/sirosfoundation/go-grc/pkg/audit/audit.go:151.55,152.43 1 8
github.com/sirosfoundation/go-grc/pkg/audit/audit.go:152.43,153.26 1 3
github.com/sirosfoundation/go-grc/pkg/audit/audit.go:153.26,154.18 1 4
github.com/sirosfoundation/go-grc/pkg/audit/audit.go:154.18,156.5 1 2
github.com/sirosfoundation/go-grc/pkg/audit/audit.go:159.2,160.14 2 6
github.com/sirosfoundation/go-grc/pkg/audit/audit.go:161.14,162.22 1 2
github.com/sirosfoundation/go-grc/pkg/audit/audit.go:163.18,164.20 1 1
github.com/sirosfoundation/go-grc/pkg/audit/audit.go:165.14,166.23 1 1
github.com/sirosfoundation/go-grc/pkg/audit/audit.go:167.20,168.26 1 1
github.com/sirosfoundation/go-grc/pkg/audit/audit.go:170.2,170.27 1 6
github.com/sirosfoundation/go-grc/pkg/audit/audit.go:170.27,171.17 1 4
github.com/sirosfoundation/go-grc/pkg/audit/audit.go:171.17,173.4 1 4
github.com/sirosfoundation/go-grc/pkg/audit/audit.go:175.2,175.14 1 2
github.com/sirosfoundation/go-grc/pkg/audit/audit.go:178.37,180.2 1 4
github.com/sirosfoundation/go-grc/pkg/audit/audit.go:182.38,184.2 1 3
github.com/sirosfoundation/go-grc/pkg/audit/audit.go:188.59,189.19 1 6
github.com/sirosfoundation/go-grc/pkg/audit/audit.go:189.19,191.3 1 2
github.com/sirosfoundation/go-grc/pkg/audit/audit.go:192.2,192.58 1 4
github.com/sirosfoundation/go-grc/pkg/audit/audit.go:192.58,194.3 1 3
github.com/sirosfoundation/go-grc/pkg/audit/audit.go:195.2,195.17 1 1
github.com/sirosfoundation/go-grc/pkg/audit/audit.go:199.61,200.19 1 2
github.com/sirosfoundation/go-grc/pkg/audit/audit.go:200.19,202.3 1 1
github.com/sirosfoundation/go-grc/pkg/audit/audit.go:203.2,203.60 1 1
github.com/sirosfoundation/go-grc/pkg/audit/audit.go:203.60,205.3 1 1
github.com/sirosfoundation/go-grc/pkg/audit/audit.go:206.2,206.19 1 0
github.com/sirosfoundation/go-grc/pkg/audit/audit.go:211.65,213.19 2 2
github.com/sirosfoundation/go-grc/pkg/audit/audit.go:213.19,215.3 1 1
github.com/sirosfoundation/go-grc/pkg/audit/audit.go:216.2,217.34 2 1
github.com/sirosfoundation/go-grc/pkg/audit/audit.go:217.34,219.3 1 0
github.com/sirosfoundation/go-grc/pkg/audit/audit.go:220.2,223.17 4 1
github.com/sirosfoundation/go-grc/pkg/audit/audit.go:227.61,229.2 1 1
github.com/sirosfoundation/go-grc/pkg/audit/audit.go:232.61,235.2 2 2
github.com/sirosfoundation/go-grc/pkg/audit/status.go:12.37,14.2 1 4
github.com/sirosfoundation/go-grc/pkg/audit/status.go:17.35,19.2 1 2
github.com/sirosfoundation/go-grc/pkg/config/config.go:62.44,63.22 1 19
github.com/sirosfoundation/go-grc/pkg/config/config.go:63.22,65.3 1 16
github.com/sirosfoundation/go-grc/pkg/config/config.go:66.2,66.26 1 19
github.com/sirosfoundation/go-grc/pkg/config/config.go:66.26,68.3 1 16
github.com/sirosfoundation/go-grc/pkg/config/config.go:69.2,69.25 1 19
github.com/sirosfoundation/go-grc/pkg/config/config.go:69.25,71.3 1 16
github.com/sirosfoundation/go-grc/pkg/config/config.go:72.2,72.25 1 19
github.com/sirosfoundation/go-grc/pkg/config/config.go:72.25,74.3 1 16
github.com/sirosfoundation/go-grc/pkg/config/config.go:75.2,75.19 1 19
github.com/sirosfoundation/go-grc/pkg/config/config.go:75.19,77.3 1 16
github.com/sirosfoundation/go-grc/pkg/config/config.go:142.40,160.16 3 9
github.com/sirosfoundation/go-grc/pkg/config/config.go:160.16,164.33 3 1
github.com/sirosfoundation/go-grc/pkg/config/config.go:164.33,166.4 1 4
github.com/sirosfoundation/go-grc/pkg/config/config.go:167.3,167.18 1 1
github.com/sirosfoundation/go-grc/pkg/config/config.go:170.2,171.51 2 8
github.com/sirosfoundation/go-grc/pkg/config/config.go:171.51,173.3 1 1
github.com/sirosfoundation/go-grc/pkg/config/config.go:176.2,176.28 1 7
github.com/sirosfoundation/go-grc/pkg/config/config.go:176.28,178.3 1 2
github.com/sirosfoundation/go-grc/pkg/config/config.go:179.2,179.28 1 7
github.com/sirosfoundation/go-grc/pkg/config/config.go:179.28,181.3 1 2
github.com/sirosfoundation/go-grc/pkg/config/config.go:182.2,182.27 1 7
github.com/sirosfoundation/go-grc/pkg/config/config.go:182.27,184.3 1 1
github.com/sirosfoundation/go-grc/pkg/config/config.go:187.2,187.27 1 7
github.com/sirosfoundation/go-grc/pkg/config/config.go:187.27,189.3 1 1
github.com/sirosfoundation/go-grc/pkg/config/config.go:190.2,190.34 1 7
github.com/sirosfoundation/go-grc/pkg/config/config.go:190.34,192.3 1 1
github.com/sirosfoundation/go-grc/pkg/config/config.go:193.2,193.37 1 7
github.com/sirosfoundation/go-grc/pkg/config/config.go:193.37,195.3 1 1
github.com/sirosfoundation/go-grc/pkg/config/config.go:196.2,196.28 1 7
github.com/sirosfoundation/go-grc/pkg/config/config.go:196.28,198.3 1 1
github.com/sirosfoundation/go-grc/pkg/config/config.go:199.2,199.26 1 7
github.com/sirosfoundation/go-grc/pkg/config/config.go:199.26,201.3 1 1
github.com/sirosfoundation/go-grc/pkg/config/config.go:202.2,202.24 1 7
github.com/sirosfoundation/go-grc/pkg/config/config.go:202.24,204.3 1 1
github.com/sirosfoundation/go-grc/pkg/config/config.go:205.2,205.25 1 7
github.com/sirosfoundation/go-grc/pkg/config/config.go:205.25,207.3 1 1
github.com/sirosfoundation/go-grc/pkg/config/config.go:210.2,210.29 1 7
github.com/sirosfoundation/go-grc/pkg/config/config.go:210.29,212.3 1 5
github.com/sirosfoundation/go-grc/pkg/config/config.go:215.2,222.32 4 7
github.com/sirosfoundation/go-grc/pkg/config/config.go:222.32,224.3 1 1
github.com/sirosfoundation/go-grc/pkg/config/config.go:227.2,227.30 1 7
github.com/sirosfoundation/go-grc/pkg/config/config.go:227.30,230.3 2 2
github.com/sirosfoundation/go-grc/pkg/config/config.go:231.2,231.32 1 7
github.com/sirosfoundation/go-grc/pkg/config/config.go:231.32,233.3 1 14
github.com/sirosfoundation/go-grc/pkg/config/config.go:235.2,235.39 1 7
github.com/sirosfoundation/go-grc/pkg/config/config.go:235.39,237.3 1 4
github.com/sirosfoundation/go-grc/pkg/config/config.go:238.2,238.17 1 3
github.com/sirosfoundation/go-grc/pkg/config/config.go:242.35,244.34 2 7
github.com/sirosfoundation/go-grc/pkg/config/config.go:244.34,245.18 1 14
github.com/sirosfoundation/go-grc/pkg/config/config.go:245.18,247.4 1 0
github.com/sirosfoundation/go-grc/pkg/config/config.go:248.3,248.18 1 14
github.com/sirosfoundation/go-grc/pkg/config/config.go:248.18,250.4 1 1
github.com/sirosfoundation/go-grc/pkg/config/config.go:251.3,252.24 2 13
github.com/sirosfoundation/go-grc/pkg/config/config.go:252.24,254.4 1 1
github.com/sirosfoundation/go-grc/pkg/config/config.go:257.2,258.31 2 5
github.com/sirosfoundation/go-grc/pkg/config/config.go:258.31,259.17 1 5
github.com/sirosfoundation/go-grc/pkg/config/config.go:259.17,261.4 1 0
github.com/sirosfoundation/go-grc/pkg/config/config.go:262.3,262.21 1 5
github.com/sirosfoundation/go-grc/pkg/config/config.go:262.21,264.4 1 1
github.com/sirosfoundation/go-grc/pkg/config/config.go:265.3,265.24 1 4
github.com/sirosfoundation/go-grc/pkg/config/config.go:267.2,267.31 1 4
github.com/sirosfoundation/go-grc/pkg/config/config.go:267.31,268.48 1 3
github.com/sirosfoundation/go-grc/pkg/config/config.go:268.48,270.4 1 1
github.com/sirosfoundation/go-grc/pkg/config/config.go:272.2,272.12 1 3
github.com/sirosfoundation/go-grc/pkg/config/config.go:276.42,277.31 1 3
github.com/sirosfoundation/go-grc/pkg/config/config.go:277.31,278.16 1 3
github.com/sirosfoundation/go-grc/pkg/config/config.go:278.16,280.4 1 1
github.com/sirosfoundation/go-grc/pkg/config/config.go:282.2,282.25 1 2
github.com/sirosfoundation/go-grc/pkg/config/config.go:282.25,284.3 1 1
github.com/sirosfoundation/go-grc/pkg/config/config.go:285.2,285.11 1 1
github.com/sirosfoundation/go-grc/pkg/config/config.go:289.40,291.31 2 1
github.com/sirosfoundation/go-grc/pkg/config/config.go:291.31,293.3 1 2
github.com/sirosfoundation/go-grc/pkg/config/config.go:294.2,294.12 1 1
github.com/sirosfoundation/go-grc/pkg/config/config.go:298.45,299.31 1 2
github.com/sirosfoundation/go-grc/pkg/config/config.go:299.31,300.17 1 3
github.com/sirosfoundation/go-grc/pkg/config/config.go:300.17,302.4 1 1
github.com/sirosfoundation/go-grc/pkg/config/config.go:304.2,304.14 1 1
github.com/sirosfoundation/go-grc/pkg/catalog/catalog.go:66.67,71.23 2 4
github.com/sirosfoundation/go-grc/pkg/catalog/catalog.go:71.23,73.3 1 4
github.com/sirosfoundation/go-grc/pkg/catalog/catalog.go:74.2,74.33 1 4
github.com/sirosfoundation/go-grc/pkg/catalog/catalog.go:74.33,77.17 3 8
github.com/sirosfoundation/go-grc/pkg/catalog/catalog.go:77.17,78.26 1 2
github.com/sirosfoundation/go-grc/pkg/catalog/catalog.go:78.26,79.13 1 2
github.com/sirosfoundation/go-grc/pkg/catalog/catalog.go:81.4,81.54 1 0
github.com/sirosfoundation/go-grc/pkg/catalog/catalog.go:84.3,84.33 1 6
github.com/sirosfoundation/go-grc/pkg/catalog/catalog.go:84.33,85.62 1 9
github.com/sirosfoundation/go-grc/pkg/catalog/catalog.go:85.62,86.13 1 0
github.com/sirosfoundation/go-grc/pkg/catalog/catalog.go:89.4,90.18 2 9
github.com/sirosfoundation/go-grc/pkg/catalog/catalog.go:90.18,92.5 1 0
github.com/sirosfoundation/go-grc/pkg/catalog/catalog.go:94.4,95.52 2 9
github.com/sirosfoundation/go-grc/pkg/catalog/catalog.go:95.52,97.5 1 0
github.com/sirosfoundation/go-grc/pkg/catalog/catalog.go:99.4,103.58 5 9
github.com/sirosfoundation/go-grc/pkg/catalog/catalog.go:103.58,105.45 2 15
github.com/sirosfoundation/go-grc/pkg/catalog/catalog.go:105.45,107.6 1 0
github.com/sirosfoundation/go-grc/pkg/catalog/catalog.go:108.5,108.33 1 15
github.com/sirosfoundation/go-grc/pkg/catalog/catalog.go:113.2,113.45 1 4
github.com/sirosfoundation/go-grc/pkg/catalog/catalog.go:113.45,115.3 1 9
github.com/sirosfoundation/go-grc/pkg/catalog/catalog.go:117.2,117.17 1 4
github.com/sirosfoundation/go-grc/pkg/catalog/derive.go:15.66,16.37 1 1
github.com/sirosfoundation/go-grc/pkg/catalog/derive.go:16.37,18.25 2 5
github.com/sirosfoundation/go-grc/pkg/catalog/derive.go:18.25,19.12 1 0
github.com/sirosfoundation/go-grc/pkg/catalog/derive.go:21.3,22.29 2 5
github.com/sirosfoundation/go-grc/pkg/catalog/derive.go:22.29,24.4 1 4
github.com/sirosfoundation/go-grc/pkg/catalog/derive.go:29.44,30.30 1 2
github.com/sirosfoundation/go-grc/pkg/catalog/derive.go:30.30,32.3 1 1
github.com/sirosfoundation/go-grc/pkg/catalog/derive.go:33.2,33.20 1 1
github.com/sirosfoundation/go-grc/pkg/catalog/derive.go:36.62,38.2 1 10
github.com/sirosfoundation/go-grc/pkg/catalog/derive.go:40.88,42.32 2 17
github.com/sirosfoundation/go-grc/pkg/catalog/derive.go:42.32,44.39 2 19
github.com/sirosfoundation/go-grc/pkg/catalog/derive.go:44.39,46.4 1 9
github.com/sirosfoundation/go-grc/pkg/catalog/derive.go:47.3,47.46 1 19
github.com/sirosfoundation/go-grc/pkg/catalog/derive.go:47.46,49.4 1 12
github.com/sirosfoundation/go-grc/pkg/catalog/derive.go:50.3,51.34 2 19
github.com/sirosfoundation/go-grc/pkg/catalog/derive.go:51.34,53.4 1 3
github.com/sirosfoundation/go-grc/pkg/catalog/derive.go:55.2,55.9 1 17
github.com/sirosfoundation/go-grc/pkg/catalog/derive.go:56.34,57.26 1 5
github.com/sirosfoundation/go-grc/pkg/catalog/derive.go:58.19,59.25 1 3
github.com/sirosfoundation/go-grc/pkg/catalog/derive.go:60.17,61.27 1 3
github.com/sirosfoundation/go-grc/pkg/catalog/derive.go:62.10,63.21 1 6
github.com/sirosfoundation/go-grc/pkg/catalog/derive.go:69.92,70.37 1 1
github.com/sirosfoundation/go-grc/pkg/catalog/derive.go:70.37,72.25 2 5
github.com/sirosfoundation/go-grc/pkg/catalog/derive.go:72.25,73.12 1 0
github.com/sirosfoundation/go-grc/pkg/catalog/derive.go:75.3,76.29 2 5
github.com/sirosfoundation/go-grc/pkg/catalog/derive.go:76.29,78.4 1 4
github.com/sirosfoundation/go-grc/pkg/catalog/derive.go:78.9,80.4 1 1
github.com/sirosfoundation/go-grc/pkg/catalog/framework.go:32.79,35.16 3 2
github.com/sirosfoundation/go-grc/pkg/catalog/framework.go:35.16,36.25 1 1
github.com/sirosfoundation/go-grc/pkg/catalog/framework.go:36.25,38.4 1 1
github.com/sirosfoundation/go-grc/pkg/catalog/framework.go:39.3,39.54 1 0
github.com/sirosfoundation/go-grc/pkg/catalog/framework.go:42.2,43.50 2 1
github.com/sirosfoundation/go-grc/pkg/catalog/framework.go:43.50,45.3 1 0
github.com/sirosfoundation/go-grc/pkg/catalog/framework.go:47.2,48.33 2 1
github.com/sirosfoundation/go-grc/pkg/catalog/framework.go:48.33,50.3 1 1
github.com/sirosfoundation/go-grc/pkg/catalog/framework.go:52.2,52.17 1 1
github.com/sirosfoundation/go-grc/pkg/risk/risk.go:80.61,86.19 2 5
github.com/sirosfoundation/go-grc/pkg/risk/risk.go:86.19,88.3 1 1
github.com/sirosfoundation/go-grc/pkg/risk/risk.go:90.2,90.29 1 4
github.com/sirosfoundation/go-grc/pkg/risk/risk.go:90.29,93.17 3 4
github.com/sirosfoundation/go-grc/pkg/risk/risk.go:93.17,94.26 1 1
github.com/sirosfoundation/go-grc/pkg/risk/risk.go:94.26,95.13 1 0
github.com/sirosfoundation/go-grc/pkg/risk/risk.go:97.4,97.55 1 1
github.com/sirosfoundation/go-grc/pkg/risk/risk.go:100.3,101.51 2 3
github.com/sirosfoundation/go-grc/pkg/risk/risk.go:101.51,103.4 1 1
github.com/sirosfoundation/go-grc/pkg/risk/risk.go:105.3,109.34 4 2
github.com/sirosfoundation/go-grc/pkg/risk/risk.go:109.34,113.42 3 4
github.com/sirosfoundation/go-grc/pkg/risk/risk.go:113.42,115.5 1 1
github.com/sirosfoundation/go-grc/pkg/risk/risk.go:116.4,117.78 2 3
github.com/sirosfoundation/go-grc/pkg/risk/risk.go:121.2,121.17 1 1
github.com/sirosfoundation/go-grc/pkg/risk/risk.go:126.54,127.43 1 5
github.com/sirosfoundation/go-grc/pkg/risk/risk.go:127.43,129.3 1 1
github.com/sirosfoundation/go-grc/pkg/risk/risk.go:130.2,130.31 1 4
github.com/sirosfoundation/go-grc/pkg/risk/risk.go:130.31,131.19 1 5
github.com/sirosfoundation/go-grc/pkg/risk/risk.go:131.19,133.4 1 3
github.com/sirosfoundation/go-grc/pkg/risk/risk.go:135.2,135.14 1 1
github.com/sirosfoundation/go-grc/pkg/risk/risk.go:139.49,140.26 1 4
github.com/sirosfoundation/go-grc/pkg/risk/risk.go:140.26,142.3 1 1
github.com/sirosfoundation/go-grc/pkg/risk/risk.go:143.2,144.16 2 3
github.com/sirosfoundation/go-grc/pkg/risk/risk.go:144.16,146.3 1 1
github.com/sirosfoundation/go-grc/pkg/risk/risk.go:147.2,147.28 1 2
github.com/sirosfoundation/go-grc/pkg/mapping/mapping.go:39.86,41.32 2 4
github.com/sirosfoundation/go-grc/pkg/mapping/mapping.go:41.32,44.17 3 12
github.com/sirosfoundation/go-grc/pkg/mapping/mapping.go:44.17,45.26 1 0
github.com/sirosfoundation/go-grc/pkg/mapping/mapping.go:45.26,46.13 1 0
github.com/sirosfoundation/go-grc/pkg/mapping/mapping.go:48.4,48.65 1 0
github.com/sirosfoundation/go-grc/pkg/mapping/mapping.go:50.3,51.17 2 12
github.com/sirosfoundation/go-grc/pkg/mapping/mapping.go:51.17,53.4 1 0
github.com/sirosfoundation/go-grc/pkg/mapping/mapping.go:54.3,54.16 1 12
github.com/sirosfoundation/go-grc/pkg/mapping/mapping.go:56.2,56.15 1 4
github.com/sirosfoundation/go-grc/pkg/mapping/mapping.go:60.87,61.32 1 2
github.com/sirosfoundation/go-grc/pkg/mapping/mapping.go:61.32,63.10 2 6
github.com/sirosfoundation/go-grc/pkg/mapping/mapping.go:63.10,64.12 1 0
github.com/sirosfoundation/go-grc/pkg/mapping/mapping.go:66.3,67.32 2 6
github.com/sirosfoundation/go-grc/pkg/mapping/mapping.go:67.32,69.4 1 10
github.com/sirosfoundation/go-grc/pkg/mapping/mapping.go:70.3,71.30 2 6
github.com/sirosfoundation/go-grc/pkg/mapping/mapping.go:71.30,73.4 1 4
github.com/sirosfoundation/go-grc/pkg/mapping/mapping.go:74.3,76.17 3 6
github.com/sirosfoundation/go-grc/pkg/mapping/mapping.go:76.17,78.4 1 0
github.com/sirosfoundation/go-grc/pkg/mapping/mapping.go:79.3,80.56 2 6
github.com/sirosfoundation/go-grc/pkg/mapping/mapping.go:80.56,82.4 1 0
github.com/sirosfoundation/go-grc/pkg/mapping/mapping.go:84.2,84.12 1 2
github.com/sirosfoundation/go-grc/pkg/mapping/mapping.go:87.88,89.51 2 12
github.com/sirosfoundation/go-grc/pkg/mapping/mapping.go:89.51,91.3 1 0
github.com/sirosfoundation/go-grc/pkg/mapping/mapping.go:92.2,93.9 2 12
github.com/sirosfoundation/go-grc/pkg/mapping/mapping.go:93.9,95.3 1 0
github.com/sirosfoundation/go-grc/pkg/mapping/mapping.go:96.2,97.9 2 12
github.com/sirosfoundation/go-grc/pkg/mapping/mapping.go:97.9,99.3 1 0
github.com/sirosfoundation/go-grc/pkg/mapping/mapping.go:100.2,101.32 2 12
github.com/sirosfoundation/go-grc/pkg/mapping/mapping.go:101.32,102.49 1 20
github.com/sirosfoundation/go-grc/pkg/mapping/mapping.go:102.49,104.4 1 20
github.com/sirosfoundation/go-grc/pkg/mapping/mapping.go:106.2,107.24 2 12
github.com/sirosfoundation/go-grc/pkg/mapping/mapping.go:107.24,108.22 1 20
github.com/sirosfoundation/go-grc/pkg/mapping/mapping.go:108.22,110.4 1 8
github.com/sirosfoundation/go-grc/pkg/mapping/mapping.go:112.2,116.25 2 12
github.com/sirosfoundation/go-grc/pkg/mapping/mapping.go:116.25,118.3 1 20
github.com/sirosfoundation/go-grc/pkg/mapping/mapping.go:119.2,119.16 1 12
github.com/sirosfoundation/go-grc/pkg/mapping/mapping.go:122.87,130.30 2 20
github.com/sirosfoundation/go-grc/pkg/mapping/mapping.go:130.30,132.3 1 8
github.com/sirosfoundation/go-grc/pkg/mapping/mapping.go:133.2,133.34 1 20
github.com/sirosfoundation/go-grc/pkg/mapping/mapping.go:133.34,134.39 1 20
github.com/sirosfoundation/go-grc/pkg/mapping/mapping.go:134.39,135.29 1 20
github.com/sirosfoundation/go-grc/pkg/mapping/mapping.go:135.29,136.35 1 28
github.com/sirosfoundation/go-grc/pkg/mapping/mapping.go:136.35,138.6 1 28
github.com/sirosfoundation/go-grc/pkg/mapping/mapping.go:142.2,142.14 1 20
github.com/sirosfoundation/go-grc/pkg/mapping/mapping.go:145.81,148.26 2 10
github.com/sirosfoundation/go-grc/pkg/mapping/mapping.go:148.26,150.3 1 48
github.com/sirosfoundation/go-grc/pkg/mapping/mapping.go:152.2,156.30 5 10
github.com/sirosfoundation/go-grc/pkg/mapping/mapping.go:156.30,158.3 1 4
github.com/sirosfoundation/go-grc/pkg/mapping/mapping.go:159.2,159.19 1 10
github.com/sirosfoundation/go-grc/pkg/mapping/mapping.go:159.19,161.3 1 0
github.com/sirosfoundation/go-grc/pkg/mapping/mapping.go:162.2,162.12 1 10
github.com/sirosfoundation/go-grc/pkg/mapping/mapping.go:165.58,166.25 1 88
github.com/sirosfoundation/go-grc/pkg/mapping/mapping.go:166.25,167.30 1 68
github.com/sirosfoundation/go-grc/pkg/mapping/mapping.go:167.30,169.4 1 68
github.com/sirosfoundation/go-grc/pkg/mapping/mapping.go:171.2,171.11 1 20
github.com/sirosfoundation/go-grc/cmd/grc/oscal/oscal.go:19.34,23.55 1 0
github.com/sirosfoundation/go-grc/cmd/grc/oscal/oscal.go:23.55,26.4 2 0
github.com/sirosfoundation/go-grc/cmd/grc/oscal/oscal.go:28.2,28.12 1 0
github.com/sirosfoundation/go-grc/cmd/grc/oscal/oscal.go:90.52,103.2 7 19
github.com/sirosfoundation/go-grc/cmd/grc/oscal/oscal.go:111.29,113.16 2 2
github.com/sirosfoundation/go-grc/cmd/grc/oscal/oscal.go:113.16,115.3 1 0
github.com/sirosfoundation/go-grc/cmd/grc/oscal/oscal.go:117.2,118.16 2 2
github.com/sirosfoundation/go-grc/cmd/grc/oscal/oscal.go:118.16,120.3 1 0
github.com/sirosfoundation/go-grc/cmd/grc/oscal/oscal.go:122.2,123.22 2 2
github.com/sirosfoundation/go-grc/cmd/grc/oscal/oscal.go:123.22,125.3 1 0
github.com/sirosfoundation/go-grc/cmd/grc/oscal/oscal.go:128.2,129.35 2 2
github.com/sirosfoundation/go-grc/cmd/grc/oscal/oscal.go:129.35,130.19 1 2
github.com/sirosfoundation/go-grc/cmd/grc/oscal/oscal.go:130.19,132.4 1 2
github.com/sirosfoundation/go-grc/cmd/grc/oscal/oscal.go:136.2,141.41 4 2
github.com/sirosfoundation/go-grc/cmd/grc/oscal/oscal.go:141.41,141.79 1 4
github.com/sirosfoundation/go-grc/cmd/grc/oscal/oscal.go:143.2,143.31 1 2
github.com/sirosfoundation/go-grc/cmd/grc/oscal/oscal.go:143.31,147.41 3 6
github.com/sirosfoundation/go-grc/cmd/grc/oscal/oscal.go:147.41,147.77 1 4
github.com/sirosfoundation/go-grc/cmd/grc/oscal/oscal.go:149.3,149.30 1 6
github.com/sirosfoundation/go-grc/cmd/grc/oscal/oscal.go:149.30,159.41 2 10
github.com/sirosfoundation/go-grc/cmd/grc/oscal/oscal.go:159.41,161.5 1 0
github.com/sirosfoundation/go-grc/cmd/grc/oscal/oscal.go:164.4,165.40 2 10
github.com/sirosfoundation/go-grc/cmd/grc/oscal/oscal.go:165.40,167.42 1 0
github.com/sirosfoundation/go-grc/cmd/grc/oscal/oscal.go:167.42,168.41 1 0
github.com/sirosfoundation/go-grc/cmd/grc/oscal/oscal.go:168.41,173.12 2 0
github.com/sirosfoundation/go-grc/cmd/grc/oscal/oscal.go:178.4,184.22 2 10
github.com/sirosfoundation/go-grc/cmd/grc/oscal/oscal.go:184.22,186.5 1 0
github.com/sirosfoundation/go-grc/cmd/grc/oscal/oscal.go:187.4,187.28 1 10
github.com/sirosfoundation/go-grc/cmd/grc/oscal/oscal.go:191.2,224.16 3 2
github.com/sirosfoundation/go-grc/cmd/grc/oscal/oscal.go:224.16,226.3 1 0
github.com/sirosfoundation/go-grc/cmd/grc/oscal/oscal.go:228.2,229.66 2 2
github.com/sirosfoundation/go-grc/cmd/grc/oscal/oscal.go:229.66,231.3 1 0
github.com/sirosfoundation/go-grc/cmd/grc/oscal/oscal.go:232.2,232.72 1 2
github.com/sirosfoundation/go-grc/cmd/grc/oscal/oscal.go:232.72,234.3 1 0
github.com/sirosfoundation/go-grc/cmd/grc/oscal/oscal.go:236.2,237.12 2 2
github.com/sirosfoundation/go-grc/cmd/grc/oscal/oscal.go:240.39,241.13 1 10
github.com/sirosfoundation/go-grc/cmd/grc/oscal/oscal.go:241.13,243.3 1 0
github.com/sirosfoundation/go-grc/cmd/grc/oscal/oscal.go:244.2,244.10 1 10
github.com/sirosfoundation/go-grc/cmd/grc/oscal/oscal.go:247.37,252.2 4 10
github.com/sirosfoundation/go-grc/cmd/grc/derive/derive.go:18.34,28.55 2 3
github.com/sirosfoundation/go-grc/cmd/grc/derive/derive.go:28.55,31.4 2 3
github.com/sirosfoundation/go-grc/cmd/grc/derive/derive.go:33.2,37.12 5 3
github.com/sirosfoundation/go-grc/cmd/grc/derive/derive.go:71.81,73.16 2 3
github.com/sirosfoundation/go-grc/cmd/grc/derive/derive.go:73.16,75.3 1 0
github.com/sirosfoundation/go-grc/cmd/grc/derive/derive.go:77.2,77.47 1 3
github.com/sirosfoundation/go-grc/cmd/grc/derive/derive.go:77.47,79.3 1 0
github.com/sirosfoundation/go-grc/cmd/grc/derive/derive.go:81.2,82.16 2 3
github.com/sirosfoundation/go-grc/cmd/grc/derive/derive.go:82.16,84.3 1 0
github.com/sirosfoundation/go-grc/cmd/grc/derive/derive.go:85.2,86.16 2 3
github.com/sirosfoundation/go-grc/cmd/grc/derive/derive.go:86.16,88.3 1 0
github.com/sirosfoundation/go-grc/cmd/grc/derive/derive.go:89.2,90.16 2 3
github.com/sirosfoundation/go-grc/cmd/grc/derive/derive.go:90.16,92.3 1 0
github.com/sirosfoundation/go-grc/cmd/grc/derive/derive.go:94.2,97.36 3 3
github.com/sirosfoundation/go-grc/cmd/grc/derive/derive.go:97.36,99.18 2 9
github.com/sirosfoundation/go-grc/cmd/grc/derive/derive.go:99.18,101.4 1 9
github.com/sirosfoundation/go-grc/cmd/grc/derive/derive.go:104.2,105.31 2 3
github.com/sirosfoundation/go-grc/cmd/grc/derive/derive.go:105.31,107.3 1 9
github.com/sirosfoundation/go-grc/cmd/grc/derive/derive.go:109.2,111.22 2 3
github.com/sirosfoundation/go-grc/cmd/grc/derive/derive.go:111.22,117.24 2 1
github.com/sirosfoundation/go-grc/cmd/grc/derive/derive.go:117.24,119.4 1 4
github.com/sirosfoundation/go-grc/cmd/grc/derive/derive.go:120.3,120.32 1 1
github.com/sirosfoundation/go-grc/cmd/grc/derive/derive.go:120.32,122.33 2 3
github.com/sirosfoundation/go-grc/cmd/grc/derive/derive.go:122.33,124.5 1 4
github.com/sirosfoundation/go-grc/cmd/grc/derive/derive.go:125.4,125.53 1 3
github.com/sirosfoundation/go-grc/cmd/grc/derive/derive.go:127.3,129.28 3 1
github.com/sirosfoundation/go-grc/cmd/grc/derive/derive.go:133.2,133.23 1 2
github.com/sirosfoundation/go-grc/cmd/grc/derive/derive.go:133.23,135.3 1 8
github.com/sirosfoundation/go-grc/cmd/grc/derive/derive.go:136.2,136.31 1 2
github.com/sirosfoundation/go-grc/cmd/grc/derive/derive.go:136.31,137.32 1 6
github.com/sirosfoundation/go-grc/cmd/grc/derive/derive.go:137.32,139.4 1 8
github.com/sirosfoundation/go-grc/cmd/grc/derive/derive.go:142.2,142.12 1 2
github.com/sirosfoundation/go-grc/cmd/grc/derive/derive.go:142.12,145.3 2 2
github.com/sirosfoundation/go-grc/cmd/grc/derive/derive.go:147.2,147.67 1 0
github.com/sirosfoundation/go-grc/cmd/grc/derive/derive.go:147.67,149.3 1 0
github.com/sirosfoundation/go-grc/cmd/grc/derive/derive.go:151.2,151.25 1 0
github.com/sirosfoundation/go-grc/cmd/grc/derive/derive.go:151.25,152.76 1 0
github.com/sirosfoundation/go-grc/cmd/grc/derive/derive.go:152.76,154.4 1 0
github.com/sirosfoundation/go-grc/cmd/grc/derive/derive.go:157.2,158.12 2 0
github.com/sirosfoundation/go-grc/cmd/grc/derive/derive.go:161.92,165.17 3 0
github.com/sirosfoundation/go-grc/cmd/grc/derive/derive.go:165.17,167.24 2 0
github.com/sirosfoundation/go-grc/cmd/grc/derive/derive.go:167.24,169.4 1 0
github.com/sirosfoundation/go-grc/cmd/grc/derive/derive.go:170.3,170.22 1 0
github.com/sirosfoundation/go-grc/cmd/grc/derive/derive.go:173.2,173.31 1 0
github.com/sirosfoundation/go-grc/cmd/grc/derive/derive.go:173.31,175.32 2 0
github.com/sirosfoundation/go-grc/cmd/grc/derive/derive.go:175.32,177.4 1 0
github.com/sirosfoundation/go-grc/cmd/grc/derive/derive.go:178.3,178.22 1 0
github.com/sirosfoundation/go-grc/cmd/grc/derive/derive.go:181.2,182.16 2 0
github.com/sirosfoundation/go-grc/cmd/grc/derive/derive.go:182.16,184.3 1 0
github.com/sirosfoundation/go-grc/cmd/grc/derive/derive.go:185.2,185.15 1 0
github.com/sirosfoundation/go-grc/cmd/grc/derive/derive.go:185.15,185.32 1 0
github.com/sirosfoundation/go-grc/cmd/grc/derive/derive.go:186.2,187.12 2 0
github.com/sirosfoundation/go-grc/cmd/grc/derive/derive.go:190.99,193.37 2 3
github.com/sirosfoundation/go-grc/cmd/grc/derive/derive.go:193.37,195.3 1 15
github.com/sirosfoundation/go-grc/cmd/grc/derive/derive.go:197.2,197.19 1 3
github.com/sirosfoundation/go-grc/cmd/grc/derive/derive.go:197.19,199.3 1 0
github.com/sirosfoundation/go-grc/cmd/grc/derive/derive.go:199.8,201.3 1 3
github.com/sirosfoundation/go-grc/cmd/grc/derive/derive.go:203.2,204.37 2 3
github.com/sirosfoundation/go-grc/cmd/grc/derive/derive.go:204.37,205.70 1 15
github.com/sirosfoundation/go-grc/cmd/grc/derive/derive.go:205.70,207.4 1 12
github.com/sirosfoundation/go-grc/cmd/grc/derive/derive.go:209.2,209.16 1 3
github.com/sirosfoundation/go-grc/cmd/grc/derive/derive.go:213.111,215.15 2 9
github.com/sirosfoundation/go-grc/cmd/grc/derive/derive.go:215.15,217.3 1 0
github.com/sirosfoundation/go-grc/cmd/grc/derive/derive.go:218.2,220.28 3 9
github.com/sirosfoundation/go-grc/cmd/grc/derive/derive.go:220.28,222.28 2 15
github.com/sirosfoundation/go-grc/cmd/grc/derive/derive.go:222.28,223.12 1 3
github.com/sirosfoundation/go-grc/cmd/grc/derive/derive.go:225.3,226.25 2 12
github.com/sirosfoundation/go-grc/cmd/grc/derive/derive.go:226.25,229.4 2 12
github.com/sirosfoundation/go-grc/cmd/grc/derive/derive.go:230.3,230.61 1 12
github.com/sirosfoundation/go-grc/cmd/grc/derive/derive.go:230.61,232.4 1 3
github.com/sirosfoundation/go-grc/cmd/grc/derive/derive.go:234.2,234.16 1 9
github.com/sirosfoundation/go-grc/cmd/grc/derive/derive.go:246.37,247.22 1 9
github.com/sirosfoundation/go-grc/cmd/grc/derive/derive.go:247.22,249.3 1 3
github.com/sirosfoundation/go-grc/cmd/grc/derive/derive.go:250.2,250.108 1 6
github.com/sirosfoundation/go-grc/cmd/grc/derive/derive.go:255.88,256.26 1 12
github.com/sirosfoundation/go-grc/cmd/grc/derive/derive.go:256.26,258.3 1 0
github.com/sirosfoundation/go-grc/cmd/grc/derive/derive.go:259.2,260.33 2 12
github.com/sirosfoundation/go-grc/cmd/grc/derive/derive.go:260.33,262.10 2 18
github.com/sirosfoundation/go-grc/cmd/grc/derive/derive.go:262.10,264.4 1 0
github.com/sirosfoundation/go-grc/cmd/grc/derive/derive.go:265.3,266.20 2 18
github.com/sirosfoundation/go-grc/cmd/grc/derive/derive.go:267.20,268.22 1 12
github.com/sirosfoundation/go-grc/cmd/grc/derive/derive.go:269.19,271.25 2 0
github.com/sirosfoundation/go-grc/cmd/grc/derive/derive.go:271.25,273.5 1 0
github.com/sirosfoundation/go-grc/cmd/grc/derive/derive.go:274.11,275.23 1 6
github.com/sirosfoundation/go-grc/cmd/grc/derive/derive.go:278.2,278.9 1 12
github.com/sirosfoundation/go-grc/cmd/grc/derive/derive.go:279.34,280.23 1 6
github.com/sirosfoundation/go-grc/cmd/grc/derive/derive.go:281.19,282.34 1 3
github.com/sirosfoundation/go-grc/cmd/grc/derive/derive.go:283.10,284.25 1 3
github.com/sirosfoundation/go-grc/cmd/grc/export/export.go:68.34,73.55 2 1
github.com/sirosfoundation/go-grc/cmd/grc/export/export.go:73.55,76.4 2 1
github.com/sirosfoundation/go-grc/cmd/grc/export/export.go:78.2,79.12 2 1
github.com/sirosfoundation/go-grc/cmd/grc/export/export.go:82.40,84.16 2 1
github.com/sirosfoundation/go-grc/cmd/grc/export/export.go:84.16,86.3 1 0
github.com/sirosfoundation/go-grc/cmd/grc/export/export.go:88.2,89.16 2 1
github.com/sirosfoundation/go-grc/cmd/grc/export/export.go:89.16,91.3 1 0
github.com/sirosfoundation/go-grc/cmd/grc/export/export.go:92.2,93.16 2 1
github.com/sirosfoundation/go-grc/cmd/grc/export/export.go:93.16,95.3 1 0
github.com/sirosfoundation/go-grc/cmd/grc/export/export.go:97.2,98.16 2 1
github.com/sirosfoundation/go-grc/cmd/grc/export/export.go:98.16,100.3 1 0
github.com/sirosfoundation/go-grc/cmd/grc/export/export.go:102.2,109.36 2 1
github.com/sirosfoundation/go-grc/cmd/grc/export/export.go:109.36,111.10 2 3
github.com/sirosfoundation/go-grc/cmd/grc/export/export.go:111.10,112.12 1 0
github.com/sirosfoundation/go-grc/cmd/grc/export/export.go:114.3,115.32 2 3
github.com/sirosfoundation/go-grc/cmd/grc/export/export.go:115.32,121.4 1 5
github.com/sirosfoundation/go-grc/cmd/grc/export/export.go:122.3,122.46 1 3
github.com/sirosfoundation/go-grc/cmd/grc/export/export.go:125.2,125.35 1 1
github.com/sirosfoundation/go-grc/cmd/grc/export/export.go:125.35,126.39 1 3
github.com/sirosfoundation/go-grc/cmd/grc/export/export.go:126.39,128.32 2 5
github.com/sirosfoundation/go-grc/cmd/grc/export/export.go:128.32,130.5 1 0
github.com/sirosfoundation/go-grc/cmd/grc/export/export.go:131.4,131.57 1 5
github.com/sirosfoundation/go-grc/cmd/grc/export/export.go:131.57,132.30 1 5
github.com/sirosfoundation/go-grc/cmd/grc/export/export.go:132.30,134.6 1 6
github.com/sirosfoundation/go-grc/cmd/grc/export/export.go:136.4,136.43 1 5
github.com/sirosfoundation/go-grc/cmd/grc/export/export.go:140.2,140.36 1 1
github.com/sirosfoundation/go-grc/cmd/grc/export/export.go:140.36,141.40 1 1
github.com/sirosfoundation/go-grc/cmd/grc/export/export.go:141.40,146.30 2 4
github.com/sirosfoundation/go-grc/cmd/grc/export/export.go:146.30,148.5 1 3
github.com/sirosfoundation/go-grc/cmd/grc/export/export.go:149.4,149.34 1 4
github.com/sirosfoundation/go-grc/cmd/grc/export/export.go:149.34,153.5 1 2
github.com/sirosfoundation/go-grc/cmd/grc/export/export.go:154.4,154.43 1 4
github.com/sirosfoundation/go-grc/cmd/grc/export/export.go:158.2,158.53 1 1
github.com/sirosfoundation/go-grc/cmd/grc/export/export.go:158.53,160.3 1 0
github.com/sirosfoundation/go-grc/cmd/grc/export/export.go:161.2,162.16 2 1
github.com/sirosfoundation/go-grc/cmd/grc/export/export.go:162.16,164.3 1 0
github.com/sirosfoundation/go-grc/cmd/grc/export/export.go:165.2,166.58 2 1
github.com/sirosfoundation/go-grc/cmd/grc/export/export.go:166.58,168.3 1 0
github.com/sirosfoundation/go-grc/cmd/grc/export/export.go:170.2,171.12 2 1
github.com/sirosfoundation/go-grc/cmd/grc/export/export.go:174.43,175.17 1 2
github.com/sirosfoundation/go-grc/cmd/grc/export/export.go:176.19,177.59 1 1
github.com/sirosfoundation/go-grc/cmd/grc/export/export.go:178.36,179.16 1 0
github.com/sirosfoundation/go-grc/cmd/grc/export/export.go:180.10,181.16 1 1
github.com/sirosfoundation/go-grc/cmd/grc/export/export.go:185.41,186.37 1 1
github.com/sirosfoundation/go-grc/cmd/grc/export/export.go:186.37,187.20 1 3
github.com/sirosfoundation/go-grc/cmd/grc/export/export.go:187.20,189.4 1 1
github.com/sirosfoundation/go-grc/cmd/grc/export/export.go:191.2,191.12 1 0
github.com/sirosfoundation/go-grc/cmd/grc/risk/risk.go:15.34,24.2 5 7
github.com/sirosfoundation/go-grc/cmd/grc/risk/risk.go:26.38,36.55 2 7
github.com/sirosfoundation/go-grc/cmd/grc/risk/risk.go:36.55,39.4 2 4
github.com/sirosfoundation/go-grc/cmd/grc/risk/risk.go:41.2,45.12 5 7
github.com/sirosfoundation/go-grc/cmd/grc/risk/risk.go:48.42,52.55 1 7
github.com/sirosfoundation/go-grc/cmd/grc/risk/risk.go:52.55,55.4 2 1
github.com/sirosfoundation/go-grc/cmd/grc/risk/risk.go:57.2,57.12 1 7
github.com/sirosfoundation/go-grc/cmd/grc/risk/risk.go:60.41,65.55 2 7
github.com/sirosfoundation/go-grc/cmd/grc/risk/risk.go:65.55,68.4 2 2
github.com/sirosfoundation/go-grc/cmd/grc/risk/risk.go:70.2,71.12 2 7
github.com/sirosfoundation/go-grc/cmd/grc/risk/risk.go:74.59,76.2 1 7
github.com/sirosfoundation/go-grc/cmd/grc/risk/risk.go:90.78,92.16 2 4
github.com/sirosfoundation/go-grc/cmd/grc/risk/risk.go:92.16,94.3 1 0
github.com/sirosfoundation/go-grc/cmd/grc/risk/risk.go:96.2,97.16 2 4
github.com/sirosfoundation/go-grc/cmd/grc/risk/risk.go:97.16,99.3 1 0
github.com/sirosfoundation/go-grc/cmd/grc/risk/risk.go:101.2,102.35 2 4
github.com/sirosfoundation/go-grc/cmd/grc/risk/risk.go:102.35,104.39 2 4
github.com/sirosfoundation/go-grc/cmd/grc/risk/risk.go:104.39,105.12 1 1
github.com/sirosfoundation/go-grc/cmd/grc/risk/risk.go:107.3,108.28 2 3
github.com/sirosfoundation/go-grc/cmd/grc/risk/risk.go:108.28,109.12 1 0
github.com/sirosfoundation/go-grc/cmd/grc/risk/risk.go:111.3,111.37 1 3
github.com/sirosfoundation/go-grc/cmd/grc/risk/risk.go:111.37,112.53 1 3
github.com/sirosfoundation/go-grc/cmd/grc/risk/risk.go:112.53,113.13 1 1
github.com/sirosfoundation/go-grc/cmd/grc/risk/risk.go:115.4,124.6 1 2
github.com/sirosfoundation/go-grc/cmd/grc/risk/risk.go:128.2,128.22 1 4
github.com/sirosfoundation/go-grc/cmd/grc/risk/risk.go:128.22,132.3 3 3
github.com/sirosfoundation/go-grc/cmd/grc/risk/risk.go:134.2,134.23 1 1
github.com/sirosfoundation/go-grc/cmd/grc/risk/risk.go:134.23,137.3 2 0
github.com/sirosfoundation/go-grc/cmd/grc/risk/risk.go:139.2,142.28 3 1
github.com/sirosfoundation/go-grc/cmd/grc/risk/risk.go:142.28,145.3 1 1
github.com/sirosfoundation/go-grc/cmd/grc/risk/risk.go:146.2,146.12 1 1
github.com/sirosfoundation/go-grc/cmd/grc/risk/risk.go:149.37,151.16 2 1
github.com/sirosfoundation/go-grc/cmd/grc/risk/risk.go:151.16,153.3 1 0
github.com/sirosfoundation/go-grc/cmd/grc/risk/risk.go:155.2,156.16 2 1
github.com/sirosfoundation/go-grc/cmd/grc/risk/risk.go:156.16,158.3 1 0
github.com/sirosfoundation/go-grc/cmd/grc/risk/risk.go:160.2,161.16 2 1
github.com/sirosfoundation/go-grc/cmd/grc/risk/risk.go:161.16,163.3 1 0
github.com/sirosfoundation/go-grc/cmd/grc/risk/risk.go:165.2,169.35 3 1
github.com/sirosfoundation/go-grc/cmd/grc/risk/risk.go:169.35,170.37 1 1
github.com/sirosfoundation/go-grc/cmd/grc/risk/risk.go:170.37,171.37 1 1
github.com/sirosfoundation/go-grc/cmd/grc/risk/risk.go:171.37,173.5 1 0
github.com/sirosfoundation/go-grc/cmd/grc/risk/risk.go:174.4,174.52 1 1
github.com/sirosfoundation/go-grc/cmd/grc/risk/risk.go:174.52,176.5 1 0
github.com/sirosfoundation/go-grc/cmd/grc/risk/risk.go:177.4,177.29 1 1
github.com/sirosfoundation/go-grc/cmd/grc/risk/risk.go:177.29,179.5 1 0
github.com/sirosfoundation/go-grc/cmd/grc/risk/risk.go:180.4,180.33 1 1
github.com/sirosfoundation/go-grc/cmd/grc/risk/risk.go:180.33,182.5 1 0
github.com/sirosfoundation/go-grc/cmd/grc/risk/risk.go:183.4,183.40 1 1
github.com/sirosfoundation/go-grc/cmd/grc/risk/risk.go:183.40,185.5 1 0
github.com/sirosfoundation/go-grc/cmd/grc/risk/risk.go:187.4,187.33 1 1
github.com/sirosfoundation/go-grc/cmd/grc/risk/risk.go:187.33,188.27 1 1
github.com/sirosfoundation/go-grc/cmd/grc/risk/risk.go:188.27,190.6 1 0
github.com/sirosfoundation/go-grc/cmd/grc/risk/risk.go:194.3,194.49 1 1
github.com/sirosfoundation/go-grc/cmd/grc/risk/risk.go:194.49,197.4 1 0
github.com/sirosfoundation/go-grc/cmd/grc/risk/risk.go:201.2,201.42 1 1
github.com/sirosfoundation/go-grc/cmd/grc/risk/risk.go:201.42,202.49 1 4
github.com/sirosfoundation/go-grc/cmd/grc/risk/risk.go:202.49,203.58 1 1
github.com/sirosfoundation/go-grc/cmd/grc/risk/risk.go:203.58,205.5 1 0
github.com/sirosfoundation/go-grc/cmd/grc/risk/risk.go:209.2,209.23 1 1
github.com/sirosfoundation/go-grc/cmd/grc/risk/risk.go:209.23,211.30 2 0
github.com/sirosfoundation/go-grc/cmd/grc/risk/risk.go:211.30,213.4 1 0
github.com/sirosfoundation/go-grc/cmd/grc/risk/risk.go:216.2,216.24 1 1
github.com/sirosfoundation/go-grc/cmd/grc/risk/risk.go:216.24,219.3 2 1
github.com/sirosfoundation/go-grc/cmd/grc/risk/risk.go:220.2,221.29 2 0
github.com/sirosfoundation/go-grc/cmd/grc/risk/risk.go:221.29,223.3 1 0
github.com/sirosfoundation/go-grc/cmd/grc/risk/risk.go:224.2,224.60 1 0
github.com/sirosfoundation/go-grc/cmd/grc/risk/risk.go:234.44,236.16 2 2
github.com/sirosfoundation/go-grc/cmd/grc/risk/risk.go:236.16,238.3 1 0
github.com/sirosfoundation/go-grc/cmd/grc/risk/risk.go:240.2,241.16 2 2
github.com/sirosfoundation/go-grc/cmd/grc/risk/risk.go:241.16,243.3 1 0
github.com/sirosfoundation/go-grc/cmd/grc/risk/risk.go:245.2,250.35 2 2
github.com/sirosfoundation/go-grc/cmd/grc/risk/risk.go:250.35,252.49 2 2
github.com/sirosfoundation/go-grc/cmd/grc/risk/risk.go:252.49,254.4 1 0
github.com/sirosfoundation/go-grc/cmd/grc/risk/risk.go:255.3,255.37 1 2
github.com/sirosfoundation/go-grc/cmd/grc/risk/risk.go:255.37,259.4 3 2
github.com/sirosfoundation/go-grc/cmd/grc/risk/risk.go:262.2,262.22 1 2
github.com/sirosfoundation/go-grc/cmd/grc/risk/risk.go:262.22,266.3 3 1
github.com/sirosfoundation/go-grc/cmd/grc/risk/risk.go:268.2,269.36 2 1
github.com/sirosfoundation/go-grc/cmd/grc/risk/risk.go:269.36,271.3 1 1
github.com/sirosfoundation/go-grc/cmd/grc/risk/risk.go:272.2,272.37 1 1
github.com/sirosfoundation/go-grc/cmd/grc/risk/risk.go:272.37,274.3 1 1
github.com/sirosfoundation/go-grc/cmd/grc/risk/risk.go:275.2,275.25 1 1
github.com/sirosfoundation/go-grc/cmd/grc/risk/risk.go:275.25,277.3 1 0
github.com/sirosfoundation/go-grc/cmd/grc/risk/risk.go:278.2,278.12 1 1
github.com/sirosfoundation/go-grc/cmd/grc/risk/risk.go:281.41,282.19 1 1
github.com/sirosfoundation/go-grc/cmd/grc/risk/risk.go:282.19,284.3 1 1
github.com/sirosfoundation/go-grc/cmd/grc/risk/risk.go:285.2,285.26 1 0
github.com/sirosfoundation/go-grc/cmd/grc/initialize/initialize.go:15.34,26.55 2 3
github.com/sirosfoundation/go-grc/cmd/grc/initialize/initialize.go:26.55,29.4 2 3
github.com/sirosfoundation/go-grc/cmd/grc/initialize/initialize.go:31.2,33.12 3 3
github.com/sirosfoundation/go-grc/cmd/grc/initialize/initialize.go:36.41,38.47 2 3
github.com/sirosfoundation/go-grc/cmd/grc/initialize/initialize.go:38.47,40.3 1 1
github.com/sirosfoundation/go-grc/cmd/grc/initialize/initialize.go:43.2,50.25 2 2
github.com/sirosfoundation/go-grc/cmd/grc/initialize/initialize.go:50.25,51.46 1 10
github.com/sirosfoundation/go-grc/cmd/grc/initialize/initialize.go:51.46,53.4 1 0
github.com/sirosfoundation/go-grc/cmd/grc/initialize/initialize.go:54.3,54.35 1 10
github.com/sirosfoundation/go-grc/cmd/grc/initialize/initialize.go:58.2,75.16 3 2
github.com/sirosfoundation/go-grc/cmd/grc/initialize/initialize.go:75.16,77.3 1 0
github.com/sirosfoundation/go-grc/cmd/grc/initialize/initialize.go:78.2,78.61 1 2
github.com/sirosfoundation/go-grc/cmd/grc/initialize/initialize.go:78.61,80.3 1 0
github.com/sirosfoundation/go-grc/cmd/grc/initialize/initialize.go:81.2,91.78 4 2
github.com/sirosfoundation/go-grc/cmd/grc/initialize/initialize.go:91.78,93.3 1 0
github.com/sirosfoundation/go-grc/cmd/grc/initialize/initialize.go:94.2,102.12 8 2
github.com/sirosfoundation/go-grc/cmd/grc/status/status.go:16.34,22.55 3 4
github.com/sirosfoundation/go-grc/cmd/grc/status/status.go:22.55,25.4 2 4
github.com/sirosfoundation/go-grc/cmd/grc/status/status.go:27.2,29.12 3 4
github.com/sirosfoundation/go-grc/cmd/grc/status/status.go:73.46,75.16 2 4
github.com/sirosfoundation/go-grc/cmd/grc/status/status.go:75.16,77.3 1 0
github.com/sirosfoundation/go-grc/cmd/grc/status/status.go:79.2,79.47 1 4
github.com/sirosfoundation/go-grc/cmd/grc/status/status.go:79.47,81.3 1 1
github.com/sirosfoundation/go-grc/cmd/grc/status/status.go:83.2,84.16 2 3
github.com/sirosfoundation/go-grc/cmd/grc/status/status.go:84.16,86.3 1 0
github.com/sirosfoundation/go-grc/cmd/grc/status/status.go:88.2,89.16 2 3
github.com/sirosfoundation/go-grc/cmd/grc/status/status.go:89.16,91.3 1 0
github.com/sirosfoundation/go-grc/cmd/grc/status/status.go:93.2,94.16 2 3
github.com/sirosfoundation/go-grc/cmd/grc/status/status.go:94.16,96.3 1 0
github.com/sirosfoundation/go-grc/cmd/grc/status/status.go:98.2,100.22 2 3
github.com/sirosfoundation/go-grc/cmd/grc/status/status.go:100.22,102.3 1 1
github.com/sirosfoundation/go-grc/cmd/grc/status/status.go:103.2,104.12 2 2
github.com/sirosfoundation/go-grc/cmd/grc/status/status.go:107.110,109.42 2 3
github.com/sirosfoundation/go-grc/cmd/grc/status/status.go:109.42,112.29 3 12
github.com/sirosfoundation/go-grc/cmd/grc/status/status.go:112.29,114.4 1 9
github.com/sirosfoundation/go-grc/cmd/grc/status/status.go:114.9,116.4 1 3
github.com/sirosfoundation/go-grc/cmd/grc/status/status.go:117.3,118.17 2 12
github.com/sirosfoundation/go-grc/cmd/grc/status/status.go:119.15,120.13 1 3
github.com/sirosfoundation/go-grc/cmd/grc/status/status.go:121.22,122.19 1 3
github.com/sirosfoundation/go-grc/cmd/grc/status/status.go:123.19,125.46 2 4
github.com/sirosfoundation/go-grc/cmd/grc/status/status.go:125.46,127.5 1 4
github.com/sirosfoundation/go-grc/cmd/grc/status/status.go:128.19,129.17 1 2
github.com/sirosfoundation/go-grc/cmd/grc/status/status.go:133.2,135.36 3 3
github.com/sirosfoundation/go-grc/cmd/grc/status/status.go:135.36,136.22 1 15
github.com/sirosfoundation/go-grc/cmd/grc/status/status.go:137.32,138.17 1 6
github.com/sirosfoundation/go-grc/cmd/grc/status/status.go:139.22,140.19 1 0
github.com/sirosfoundation/go-grc/cmd/grc/status/status.go:141.11,142.13 1 9
github.com/sirosfoundation/go-grc/cmd/grc/status/status.go:146.2,147.36 2 3
github.com/sirosfoundation/go-grc/cmd/grc/status/status.go:147.36,150.40 3 3
github.com/sirosfoundation/go-grc/cmd/grc/status/status.go:150.40,152.18 2 12
github.com/sirosfoundation/go-grc/cmd/grc/status/status.go:153.16,154.13 1 3
github.com/sirosfoundation/go-grc/cmd/grc/status/status.go:155.23,156.19 1 3
github.com/sirosfoundation/go-grc/cmd/grc/status/status.go:157.32,158.13 1 6
github.com/sirosfoundation/go-grc/cmd/grc/status/status.go:161.3,161.21 1 3
github.com/sirosfoundation/go-grc/cmd/grc/status/status.go:164.2,165.35 2 3
github.com/sirosfoundation/go-grc/cmd/grc/status/status.go:165.35,166.49 1 3
github.com/sirosfoundation/go-grc/cmd/grc/status/status.go:166.49,168.4 1 0
github.com/sirosfoundation/go-grc/cmd/grc/status/status.go:169.3,169.37 1 3
github.com/sirosfoundation/go-grc/cmd/grc/status/status.go:169.37,170.53 1 3
github.com/sirosfoundation/go-grc/cmd/grc/status/status.go:170.53,171.13 1 1
github.com/sirosfoundation/go-grc/cmd/grc/status/status.go:173.4,174.39 2 2
github.com/sirosfoundation/go-grc/cmd/grc/status/status.go:174.39,176.5 1 2
github.com/sirosfoundation/go-grc/cmd/grc/status/status.go:180.2,180.90 1 3
github.com/sirosfoundation/go-grc/cmd/grc/status/status.go:183.43,187.2 3 1
github.com/sirosfoundation/go-grc/cmd/grc/status/status.go:189.37,190.26 1 2
github.com/sirosfoundation/go-grc/cmd/grc/status/status.go:190.26,192.3 1 1
github.com/sirosfoundation/go-grc/cmd/grc/status/status.go:194.2,213.34 18 2
github.com/sirosfoundation/go-grc/cmd/grc/status/status.go:213.34,215.3 1 2
github.com/sirosfoundation/go-grc/cmd/grc/status/status.go:217.2,217.28 1 2
github.com/sirosfoundation/go-grc/cmd/grc/status/status.go:217.28,222.21 5 1
github.com/sirosfoundation/go-grc/cmd/grc/status/status.go:222.21,224.4 1 0
github.com/sirosfoundation/go-grc/cmd/grc/validate/validate.go:18.34,23.55 1 2
github.com/sirosfoundation/go-grc/cmd/grc/validate/validate.go:23.55,26.4 2 2
github.com/sirosfoundation/go-grc/cmd/grc/validate/validate.go:28.2,28.12 1 2
github.com/sirosfoundation/go-grc/cmd/grc/validate/validate.go:58.29,60.16 2 2
github.com/sirosfoundation/go-grc/cmd/grc/validate/validate.go:60.16,62.3 1 0
github.com/sirosfoundation/go-grc/cmd/grc/validate/validate.go:64.2,66.26 3 2
github.com/sirosfoundation/go-grc/cmd/grc/validate/validate.go:66.26,66.62 1 0
github.com/sirosfoundation/go-grc/cmd/grc/validate/validate.go:69.2,70.16 2 2
github.com/sirosfoundation/go-grc/cmd/grc/validate/validate.go:70.16,72.3 1 0
github.com/sirosfoundation/go-grc/cmd/grc/validate/validate.go:73.2,73.36 1 2
github.com/sirosfoundation/go-grc/cmd/grc/validate/validate.go:73.36,74.61 1 10
github.com/sirosfoundation/go-grc/cmd/grc/validate/validate.go:74.61,76.4 1 0
github.com/sirosfoundation/go-grc/cmd/grc/validate/validate.go:77.3,77.69 1 10
github.com/sirosfoundation/go-grc/cmd/grc/validate/validate.go:77.69,79.4 1 0
github.com/sirosfoundation/go-grc/cmd/grc/validate/validate.go:80.3,80.62 1 10
github.com/sirosfoundation/go-grc/cmd/grc/validate/validate.go:80.62,82.4 1 0
github.com/sirosfoundation/go-grc/cmd/grc/validate/validate.go:86.2,87.16 2 2
github.com/sirosfoundation/go-grc/cmd/grc/validate/validate.go:87.16,89.3 1 0
github.com/sirosfoundation/go-grc/cmd/grc/validate/validate.go:90.2,90.36 1 2
github.com/sirosfoundation/go-grc/cmd/grc/validate/validate.go:90.36,92.10 2 6
github.com/sirosfoundation/go-grc/cmd/grc/validate/validate.go:92.10,94.12 2 0
github.com/sirosfoundation/go-grc/cmd/grc/validate/validate.go:97.3,98.32 2 6
github.com/sirosfoundation/go-grc/cmd/grc/validate/validate.go:98.32,99.23 1 10
github.com/sirosfoundation/go-grc/cmd/grc/validate/validate.go:99.23,101.5 1 0
github.com/sirosfoundation/go-grc/cmd/grc/validate/validate.go:102.4,103.35 2 10
github.com/sirosfoundation/go-grc/cmd/grc/validate/validate.go:103.35,104.40 1 14
github.com/sirosfoundation/go-grc/cmd/grc/validate/validate.go:104.40,106.6 1 0
github.com/sirosfoundation/go-grc/cmd/grc/validate/validate.go:110.3,111.55 2 6
github.com/sirosfoundation/go-grc/cmd/grc/validate/validate.go:111.55,114.57 2 0
github.com/sirosfoundation/go-grc/cmd/grc/validate/validate.go:114.57,116.5 1 0
github.com/sirosfoundation/go-grc/cmd/grc/validate/validate.go:121.2,122.16 2 2
github.com/sirosfoundation/go-grc/cmd/grc/validate/validate.go:122.16,124.3 1 0
github.com/sirosfoundation/go-grc/cmd/grc/validate/validate.go:125.2,125.36 1 2
github.com/sirosfoundation/go-grc/cmd/grc/validate/validate.go:125.36,126.40 1 2
github.com/sirosfoundation/go-grc/cmd/grc/validate/validate.go:126.40,127.39 1 8
github.com/sirosfoundation/go-grc/cmd/grc/validate/validate.go:127.39,129.5 1 0
github.com/sirosfoundation/go-grc/cmd/grc/validate/validate.go:130.4,130.36 1 8
github.com/sirosfoundation/go-grc/cmd/grc/validate/validate.go:130.36,132.5 1 0
github.com/sirosfoundation/go-grc/cmd/grc/validate/validate.go:133.4,133.35 1 8
github.com/sirosfoundation/go-grc/cmd/grc/validate/validate.go:133.35,134.40 1 12
github.com/sirosfoundation/go-grc/cmd/grc/validate/validate.go:134.40,136.6 1 0
github.com/sirosfoundation/go-grc/cmd/grc/validate/validate.go:138.4,138.34 1 8
github.com/sirosfoundation/go-grc/cmd/grc/validate/validate.go:138.34,139.62 1 4
github.com/sirosfoundation/go-grc/cmd/grc/validate/validate.go:139.62,141.6 1 0
github.com/sirosfoundation/go-grc/cmd/grc/validate/validate.go:141.11,141.29 1 4
github.com/sirosfoundation/go-grc/cmd/grc/validate/validate.go:141.29,143.6 1 0
github.com/sirosfoundation/go-grc/cmd/grc/validate/validate.go:143.11,143.44 1 4
github.com/sirosfoundation/go-grc/cmd/grc/validate/validate.go:143.44,145.6 1 0
github.com/sirosfoundation/go-grc/cmd/grc/validate/validate.go:147.4,147.54 1 8
github.com/sirosfoundation/go-grc/cmd/grc/validate/validate.go:147.54,149.5 1 0
github.com/sirosfoundation/go-grc/cmd/grc/validate/validate.go:154.2,155.36 2 2
github.com/sirosfoundation/go-grc/cmd/grc/validate/validate.go:155.36,156.40 1 2
github.com/sirosfoundation/go-grc/cmd/grc/validate/validate.go:156.40,157.35 1 8
github.com/sirosfoundation/go-grc/cmd/grc/validate/validate.go:157.35,159.5 1 12
github.com/sirosfoundation/go-grc/cmd/grc/validate/validate.go:162.2,162.26 1 2
github.com/sirosfoundation/go-grc/cmd/grc/validate/validate.go:162.26,163.32 1 6
github.com/sirosfoundation/go-grc/cmd/grc/validate/validate.go:163.32,164.35 1 10
github.com/sirosfoundation/go-grc/cmd/grc/validate/validate.go:164.35,166.5 1 14
github.com/sirosfoundation/go-grc/cmd/grc/validate/validate.go:169.2,169.31 1 2
github.com/sirosfoundation/go-grc/cmd/grc/validate/validate.go:169.31,170.30 1 10
github.com/sirosfoundation/go-grc/cmd/grc/validate/validate.go:170.30,172.4 1 0
github.com/sirosfoundation/go-grc/cmd/grc/validate/validate.go:176.2,177.20 2 2
github.com/sirosfoundation/go-grc/cmd/grc/validate/validate.go:177.20,179.3 1 0
github.com/sirosfoundation/go-grc/cmd/grc/validate/validate.go:179.8,179.25 1 2
github.com/sirosfoundation/go-grc/cmd/grc/validate/validate.go:179.25,180.36 1 2
github.com/sirosfoundation/go-grc/cmd/grc/validate/validate.go:180.36,181.38 1 2
github.com/sirosfoundation/go-grc/cmd/grc/validate/validate.go:181.38,182.38 1 2
github.com/sirosfoundation/go-grc/cmd/grc/validate/validate.go:182.38,184.6 1 0
github.com/sirosfoundation/go-grc/cmd/grc/validate/validate.go:185.5,185.53 1 2
github.com/sirosfoundation/go-grc/cmd/grc/validate/validate.go:185.53,187.6 1 0
github.com/sirosfoundation/go-grc/cmd/grc/validate/validate.go:188.5,188.30 1 2
github.com/sirosfoundation/go-grc/cmd/grc/validate/validate.go:188.30,190.6 1 0
github.com/sirosfoundation/go-grc/cmd/grc/validate/validate.go:191.5,191.34 1 2
github.com/sirosfoundation/go-grc/cmd/grc/validate/validate.go:191.34,193.6 1 0
github.com/sirosfoundation/go-grc/cmd/grc/validate/validate.go:194.5,194.34 1 2
github.com/sirosfoundation/go-grc/cmd/grc/validate/validate.go:194.34,195.28 1 2
github.com/sirosfoundation/go-grc/cmd/grc/validate/validate.go:195.28,197.7 1 0
github.com/sirosfoundation/go-grc/cmd/grc/validate/validate.go:200.4,200.50 1 2
github.com/sirosfoundation/go-grc/cmd/grc/validate/validate.go:200.50,203.5 1 0
github.com/sirosfoundation/go-grc/cmd/grc/validate/validate.go:206.3,206.43 1 2
github.com/sirosfoundation/go-grc/cmd/grc/validate/validate.go:206.43,207.50 1 8
github.com/sirosfoundation/go-grc/cmd/grc/validate/validate.go:207.50,208.59 1 2
github.com/sirosfoundation/go-grc/cmd/grc/validate/validate.go:208.59,210.6 1 0
github.com/sirosfoundation/go-grc/cmd/grc/validate/validate.go:214.3,214.37 1 2
github.com/sirosfoundation/go-grc/cmd/grc/validate/validate.go:214.37,215.41 1 2
github.com/sirosfoundation/go-grc/cmd/grc/validate/validate.go:215.41,216.33 1 8
github.com/sirosfoundation/go-grc/cmd/grc/validate/validate.go:216.33,217.30 1 2
github.com/sirosfoundation/go-grc/cmd/grc/validate/validate.go:217.30,219.7 1 0
github.com/sirosfoundation/go-grc/cmd/grc/validate/validate.go:225.2,225.23 1 2
github.com/sirosfoundation/go-grc/cmd/grc/validate/validate.go:225.23,227.30 2 0
github.com/sirosfoundation/go-grc/cmd/grc/validate/validate.go:227.30,229.4 1 0
github.com/sirosfoundation/go-grc/cmd/grc/validate/validate.go:232.2,232.24 1 2
github.com/sirosfoundation/go-grc/cmd/grc/validate/validate.go:232.24,235.3 2 2
github.com/sirosfoundation/go-grc/cmd/grc/validate/validate.go:236.2,237.29 2 0
github.com/sirosfoundation/go-grc/cmd/grc/validate/validate.go:237.29,239.3 1 0
github.com/sirosfoundation/go-grc/cmd/grc/validate/validate.go:240.2,240.60 1 0
github.com/sirosfoundation/go-grc/cmd/grc/render/controls.go:14.189,16.101 2 2
github.com/sirosfoundation/go-grc/cmd/grc/render/controls.go:16.101,18.3 1 0
github.com/sirosfoundation/go-grc/cmd/grc/render/controls.go:20.2,20.35 1 2
github.com/sirosfoundation/go-grc/cmd/grc/render/controls.go:20.35,23.140 3 6
github.com/sirosfoundation/go-grc/cmd/grc/render/controls.go:23.140,25.4 1 0
github.com/sirosfoundation/go-grc/cmd/grc/render/controls.go:27.3,27.39 1 6
github.com/sirosfoundation/go-grc/cmd/grc/render/controls.go:27.39,30.77 3 10
github.com/sirosfoundation/go-grc/cmd/grc/render/controls.go:30.77,32.5 1 0
github.com/sirosfoundation/go-grc/cmd/grc/render/controls.go:35.2,35.12 1 2
github.com/sirosfoundation/go-grc/cmd/grc/render/controls.go:38.69,43.14 4 2
github.com/sirosfoundation/go-grc/cmd/grc/render/controls.go:43.14,45.64 2 1
github.com/sirosfoundation/go-grc/cmd/grc/render/controls.go:45.64,49.37 3 2
github.com/sirosfoundation/go-grc/cmd/grc/render/controls.go:49.37,50.33 1 6
github.com/sirosfoundation/go-grc/cmd/grc/render/controls.go:50.33,51.14 1 3
github.com/sirosfoundation/go-grc/cmd/grc/render/controls.go:53.5,53.41 1 3
github.com/sirosfoundation/go-grc/cmd/grc/render/controls.go:53.41,55.21 2 5
github.com/sirosfoundation/go-grc/cmd/grc/render/controls.go:55.21,57.7 1 0
github.com/sirosfoundation/go-grc/cmd/grc/render/controls.go:58.6,58.67 1 5
github.com/sirosfoundation/go-grc/cmd/grc/render/controls.go:62.4,62.39 1 2
github.com/sirosfoundation/go-grc/cmd/grc/render/controls.go:62.39,63.60 1 4
github.com/sirosfoundation/go-grc/cmd/grc/render/controls.go:63.60,65.6 1 1
github.com/sirosfoundation/go-grc/cmd/grc/render/controls.go:68.4,69.37 2 2
github.com/sirosfoundation/go-grc/cmd/grc/render/controls.go:69.37,70.66 1 6
github.com/sirosfoundation/go-grc/cmd/grc/render/controls.go:70.66,77.33 3 0
github.com/sirosfoundation/go-grc/cmd/grc/render/controls.go:77.33,82.7 2 0
github.com/sirosfoundation/go-grc/cmd/grc/render/controls.go:83.6,83.25 1 0
github.com/sirosfoundation/go-grc/cmd/grc/render/controls.go:87.8,89.37 2 1
github.com/sirosfoundation/go-grc/cmd/grc/render/controls.go:89.37,91.22 2 5
github.com/sirosfoundation/go-grc/cmd/grc/render/controls.go:91.22,93.5 1 3
github.com/sirosfoundation/go-grc/cmd/grc/render/controls.go:94.4,94.47 1 5
github.com/sirosfoundation/go-grc/cmd/grc/render/controls.go:94.47,96.5 1 2
github.com/sirosfoundation/go-grc/cmd/grc/render/controls.go:98.3,101.64 2 1
github.com/sirosfoundation/go-grc/cmd/grc/render/controls.go:101.64,105.37 3 2
github.com/sirosfoundation/go-grc/cmd/grc/render/controls.go:105.37,106.33 1 6
github.com/sirosfoundation/go-grc/cmd/grc/render/controls.go:106.33,107.14 1 3
github.com/sirosfoundation/go-grc/cmd/grc/render/controls.go:109.5,109.41 1 3
github.com/sirosfoundation/go-grc/cmd/grc/render/controls.go:109.41,110.51 1 5
github.com/sirosfoundation/go-grc/cmd/grc/render/controls.go:110.51,111.15 1 2
github.com/sirosfoundation/go-grc/cmd/grc/render/controls.go:113.6,114.21 2 3
github.com/sirosfoundation/go-grc/cmd/grc/render/controls.go:114.21,116.7 1 0
github.com/sirosfoundation/go-grc/cmd/grc/render/controls.go:117.6,117.67 1 3
github.com/sirosfoundation/go-grc/cmd/grc/render/controls.go:121.4,121.39 1 2
github.com/sirosfoundation/go-grc/cmd/grc/render/controls.go:121.39,122.60 1 2
github.com/sirosfoundation/go-grc/cmd/grc/render/controls.go:122.60,124.6 1 1
github.com/sirosfoundation/go-grc/cmd/grc/render/controls.go:127.4,128.37 2 2
github.com/sirosfoundation/go-grc/cmd/grc/render/controls.go:128.37,129.66 1 6
github.com/sirosfoundation/go-grc/cmd/grc/render/controls.go:129.66,136.33 3 0
github.com/sirosfoundation/go-grc/cmd/grc/render/controls.go:136.33,141.7 2 0
github.com/sirosfoundation/go-grc/cmd/grc/render/controls.go:142.6,142.25 1 0
github.com/sirosfoundation/go-grc/cmd/grc/render/controls.go:147.2,147.19 1 2
github.com/sirosfoundation/go-grc/cmd/grc/render/controls.go:150.216,157.15 7 10
github.com/sirosfoundation/go-grc/cmd/grc/render/controls.go:157.15,159.3 1 5
github.com/sirosfoundation/go-grc/cmd/grc/render/controls.go:160.2,165.28 5 10
github.com/sirosfoundation/go-grc/cmd/grc/render/controls.go:165.28,167.3 1 10
github.com/sirosfoundation/go-grc/cmd/grc/render/controls.go:168.2,168.39 1 10
github.com/sirosfoundation/go-grc/cmd/grc/render/controls.go:168.39,170.3 1 0
github.com/sirosfoundation/go-grc/cmd/grc/render/controls.go:171.2,171.30 1 10
github.com/sirosfoundation/go-grc/cmd/grc/render/controls.go:171.30,173.37 2 0
github.com/sirosfoundation/go-grc/cmd/grc/render/controls.go:173.37,177.4 3 0
github.com/sirosfoundation/go-grc/cmd/grc/render/controls.go:179.2,179.30 1 10
github.com/sirosfoundation/go-grc/cmd/grc/render/controls.go:179.30,181.37 2 0
github.com/sirosfoundation/go-grc/cmd/grc/render/controls.go:181.37,182.75 1 0
github.com/sirosfoundation/go-grc/cmd/grc/render/controls.go:182.75,184.13 2 0
github.com/sirosfoundation/go-grc/cmd/grc/render/controls.go:186.4,187.23 2 0
github.com/sirosfoundation/go-grc/cmd/grc/render/controls.go:187.23,190.23 3 0
github.com/sirosfoundation/go-grc/cmd/grc/render/controls.go:190.23,192.6 1 0
github.com/sirosfoundation/go-grc/cmd/grc/render/controls.go:193.5,194.85 2 0
github.com/sirosfoundation/go-grc/cmd/grc/render/controls.go:194.85,196.6 1 0
github.com/sirosfoundation/go-grc/cmd/grc/render/controls.go:196.11,196.114 1 0
github.com/sirosfoundation/go-grc/cmd/grc/render/controls.go:196.114,198.6 1 0
github.com/sirosfoundation/go-grc/cmd/grc/render/controls.go:198.11,200.6 1 0
github.com/sirosfoundation/go-grc/cmd/grc/render/controls.go:201.10,203.5 1 0
github.com/sirosfoundation/go-grc/cmd/grc/render/controls.go:207.2,207.15 1 10
github.com/sirosfoundation/go-grc/cmd/grc/render/controls.go:207.15,209.22 2 5
github.com/sirosfoundation/go-grc/cmd/grc/render/controls.go:209.22,211.31 2 5
github.com/sirosfoundation/go-grc/cmd/grc/render/controls.go:211.31,214.5 2 6
github.com/sirosfoundation/go-grc/cmd/grc/render/controls.go:219.2,220.36 2 10
github.com/sirosfoundation/go-grc/cmd/grc/render/controls.go:220.36,221.43 1 16
github.com/sirosfoundation/go-grc/cmd/grc/render/controls.go:221.43,222.32 1 16
github.com/sirosfoundation/go-grc/cmd/grc/render/controls.go:222.32,224.10 2 8
github.com/sirosfoundation/go-grc/cmd/grc/render/controls.go:228.2,228.15 1 10
github.com/sirosfoundation/go-grc/cmd/grc/render/controls.go:228.15,230.37 2 8
github.com/sirosfoundation/go-grc/cmd/grc/render/controls.go:230.37,232.19 2 24
github.com/sirosfoundation/go-grc/cmd/grc/render/controls.go:232.19,233.13 1 0
github.com/sirosfoundation/go-grc/cmd/grc/render/controls.go:235.4,236.24 2 24
github.com/sirosfoundation/go-grc/cmd/grc/render/controls.go:236.24,237.13 1 10
github.com/sirosfoundation/go-grc/cmd/grc/render/controls.go:239.4,240.29 2 14
github.com/sirosfoundation/go-grc/cmd/grc/render/controls.go:240.29,242.5 1 14
github.com/sirosfoundation/go-grc/cmd/grc/render/controls.go:243.4,243.73 1 14
github.com/sirosfoundation/go-grc/cmd/grc/render/controls.go:247.2,247.19 1 10
github.com/sirosfoundation/go-grc/cmd/grc/render/findings.go:12.106,14.102 2 1
github.com/sirosfoundation/go-grc/cmd/grc/render/findings.go:14.102,16.3 1 0
github.com/sirosfoundation/go-grc/cmd/grc/render/findings.go:17.2,17.103 1 1
github.com/sirosfoundation/go-grc/cmd/grc/render/findings.go:17.103,19.3 1 0
github.com/sirosfoundation/go-grc/cmd/grc/render/findings.go:21.2,21.35 1 1
github.com/sirosfoundation/go-grc/cmd/grc/render/findings.go:21.35,23.94 2 1
github.com/sirosfoundation/go-grc/cmd/grc/render/findings.go:23.94,25.4 1 0
github.com/sirosfoundation/go-grc/cmd/grc/render/findings.go:27.2,27.12 1 1
github.com/sirosfoundation/go-grc/cmd/grc/render/findings.go:30.69,39.28 8 1
github.com/sirosfoundation/go-grc/cmd/grc/render/findings.go:39.28,42.3 1 1
github.com/sirosfoundation/go-grc/cmd/grc/render/findings.go:43.2,43.26 1 1
github.com/sirosfoundation/go-grc/cmd/grc/render/findings.go:43.26,45.3 1 0
github.com/sirosfoundation/go-grc/cmd/grc/render/findings.go:46.2,48.25 2 1
github.com/sirosfoundation/go-grc/cmd/grc/render/findings.go:48.25,50.3 1 1
github.com/sirosfoundation/go-grc/cmd/grc/render/findings.go:52.2,52.25 1 1
github.com/sirosfoundation/go-grc/cmd/grc/render/findings.go:52.25,54.3 1 1
github.com/sirosfoundation/go-grc/cmd/grc/render/findings.go:56.2,56.25 1 1
github.com/sirosfoundation/go-grc/cmd/grc/render/findings.go:56.25,58.33 2 0
github.com/sirosfoundation/go-grc/cmd/grc/render/findings.go:58.33,60.4 1 0
github.com/sirosfoundation/go-grc/cmd/grc/render/findings.go:61.3,61.22 1 0
github.com/sirosfoundation/go-grc/cmd/grc/render/findings.go:64.2,64.19 1 1
github.com/sirosfoundation/go-grc/cmd/grc/render/findings.go:67.60,72.29 5 1
github.com/sirosfoundation/go-grc/cmd/grc/render/findings.go:72.29,76.3 2 1
github.com/sirosfoundation/go-grc/cmd/grc/render/findings.go:77.2,77.19 1 1
github.com/sirosfoundation/go-grc/cmd/grc/render/frameworks.go:14.213,16.112 2 2
github.com/sirosfoundation/go-grc/cmd/grc/render/frameworks.go:16.112,18.3 1 0
github.com/sirosfoundation/go-grc/cmd/grc/render/frameworks.go:19.2,19.106 1 2
github.com/sirosfoundation/go-grc/cmd/grc/render/frameworks.go:19.106,21.3 1 0
github.com/sirosfoundation/go-grc/cmd/grc/render/frameworks.go:23.2,23.36 1 2
github.com/sirosfoundation/go-grc/cmd/grc/render/frameworks.go:23.36,25.16 2 6
github.com/sirosfoundation/go-grc/cmd/grc/render/frameworks.go:25.16,26.12 1 0
github.com/sirosfoundation/go-grc/cmd/grc/render/frameworks.go:28.3,28.110 1 6
github.com/sirosfoundation/go-grc/cmd/grc/render/frameworks.go:28.110,30.4 1 0
github.com/sirosfoundation/go-grc/cmd/grc/render/frameworks.go:32.2,32.12 1 2
github.com/sirosfoundation/go-grc/cmd/grc/render/frameworks.go:35.94,52.32 3 2
github.com/sirosfoundation/go-grc/cmd/grc/render/frameworks.go:52.32,55.16 3 6
github.com/sirosfoundation/go-grc/cmd/grc/render/frameworks.go:55.16,57.4 1 6
github.com/sirosfoundation/go-grc/cmd/grc/render/frameworks.go:58.3,58.81 1 6
github.com/sirosfoundation/go-grc/cmd/grc/render/frameworks.go:60.2,68.19 2 2
github.com/sirosfoundation/go-grc/cmd/grc/render/frameworks.go:71.234,76.136 4 6
github.com/sirosfoundation/go-grc/cmd/grc/render/frameworks.go:76.136,78.3 1 0
github.com/sirosfoundation/go-grc/cmd/grc/render/frameworks.go:79.2,79.115 1 6
github.com/sirosfoundation/go-grc/cmd/grc/render/frameworks.go:79.115,81.3 1 0
github.com/sirosfoundation/go-grc/cmd/grc/render/frameworks.go:83.2,83.31 1 6
github.com/sirosfoundation/go-grc/cmd/grc/render/frameworks.go:83.31,86.19 3 10
github.com/sirosfoundation/go-grc/cmd/grc/render/frameworks.go:86.19,88.4 1 10
github.com/sirosfoundation/go-grc/cmd/grc/render/frameworks.go:89.3,92.22 4 10
github.com/sirosfoundation/go-grc/cmd/grc/render/frameworks.go:92.22,94.4 1 2
github.com/sirosfoundation/go-grc/cmd/grc/render/frameworks.go:95.3,95.43 1 10
github.com/sirosfoundation/go-grc/cmd/grc/render/frameworks.go:95.43,97.4 1 2
github.com/sirosfoundation/go-grc/cmd/grc/render/frameworks.go:98.3,105.73 2 10
github.com/sirosfoundation/go-grc/cmd/grc/render/frameworks.go:105.73,107.4 1 0
github.com/sirosfoundation/go-grc/cmd/grc/render/frameworks.go:109.2,110.12 2 6
github.com/sirosfoundation/go-grc/cmd/grc/render/frameworks.go:113.141,115.31 2 6
github.com/sirosfoundation/go-grc/cmd/grc/render/frameworks.go:115.31,117.3 1 10
github.com/sirosfoundation/go-grc/cmd/grc/render/frameworks.go:119.2,121.24 3 6
github.com/sirosfoundation/go-grc/cmd/grc/render/frameworks.go:121.24,123.72 2 0
github.com/sirosfoundation/go-grc/cmd/grc/render/frameworks.go:123.72,125.4 1 0
github.com/sirosfoundation/go-grc/cmd/grc/render/frameworks.go:126.3,126.56 1 0
github.com/sirosfoundation/go-grc/cmd/grc/render/frameworks.go:128.2,130.14 2 6
github.com/sirosfoundation/go-grc/cmd/grc/render/frameworks.go:130.14,133.32 3 3
github.com/sirosfoundation/go-grc/cmd/grc/render/frameworks.go:133.32,135.20 2 5
github.com/sirosfoundation/go-grc/cmd/grc/render/frameworks.go:135.20,136.43 1 5
github.com/sirosfoundation/go-grc/cmd/grc/render/frameworks.go:136.43,138.6 1 1
github.com/sirosfoundation/go-grc/cmd/grc/render/frameworks.go:140.4,141.106 2 5
github.com/sirosfoundation/go-grc/cmd/grc/render/frameworks.go:143.8,145.32 2 3
github.com/sirosfoundation/go-grc/cmd/grc/render/frameworks.go:145.32,146.52 1 5
github.com/sirosfoundation/go-grc/cmd/grc/render/frameworks.go:146.52,148.5 1 0
github.com/sirosfoundation/go-grc/cmd/grc/render/frameworks.go:150.3,152.53 3 3
github.com/sirosfoundation/go-grc/cmd/grc/render/frameworks.go:152.53,153.28 1 13
github.com/sirosfoundation/go-grc/cmd/grc/render/frameworks.go:153.28,154.13 1 3
github.com/sirosfoundation/go-grc/cmd/grc/render/frameworks.go:156.4,157.136 2 10
github.com/sirosfoundation/go-grc/cmd/grc/render/frameworks.go:159.3,162.32 3 3
github.com/sirosfoundation/go-grc/cmd/grc/render/frameworks.go:162.32,165.33 3 1
github.com/sirosfoundation/go-grc/cmd/grc/render/frameworks.go:165.33,166.52 1 2
github.com/sirosfoundation/go-grc/cmd/grc/render/frameworks.go:166.52,167.14 1 2
github.com/sirosfoundation/go-grc/cmd/grc/render/frameworks.go:169.5,170.19 2 0
github.com/sirosfoundation/go-grc/cmd/grc/render/frameworks.go:170.19,172.6 1 0
github.com/sirosfoundation/go-grc/cmd/grc/render/frameworks.go:173.5,174.21 2 0
github.com/sirosfoundation/go-grc/cmd/grc/render/frameworks.go:174.21,175.44 1 0
github.com/sirosfoundation/go-grc/cmd/grc/render/frameworks.go:175.44,177.7 1 0
github.com/sirosfoundation/go-grc/cmd/grc/render/frameworks.go:179.5,181.20 3 0
github.com/sirosfoundation/go-grc/cmd/grc/render/frameworks.go:181.20,183.6 1 0
github.com/sirosfoundation/go-grc/cmd/grc/render/frameworks.go:184.5,184.95 1 0
github.com/sirosfoundation/go-grc/cmd/grc/render/frameworks.go:186.9,188.33 2 2
github.com/sirosfoundation/go-grc/cmd/grc/render/frameworks.go:188.33,189.52 1 3
github.com/sirosfoundation/go-grc/cmd/grc/render/frameworks.go:189.52,190.14 1 3
github.com/sirosfoundation/go-grc/cmd/grc/render/frameworks.go:192.5,193.21 2 0
github.com/sirosfoundation/go-grc/cmd/grc/render/frameworks.go:193.21,194.44 1 0
github.com/sirosfoundation/go-grc/cmd/grc/render/frameworks.go:194.44,196.7 1 0
github.com/sirosfoundation/go-grc/cmd/grc/render/frameworks.go:198.5,199.136 2 0
github.com/sirosfoundation/go-grc/cmd/grc/render/frameworks.go:203.2,203.19 1 6
github.com/sirosfoundation/go-grc/cmd/grc/render/frameworks.go:206.44,207.22 1 3
github.com/sirosfoundation/go-grc/cmd/grc/render/frameworks.go:207.22,209.3 1 1
github.com/sirosfoundation/go-grc/cmd/grc/render/frameworks.go:210.2,210.60 1 2
github.com/sirosfoundation/go-grc/cmd/grc/render/frameworks.go:213.57,215.2 1 10
github.com/sirosfoundation/go-grc/cmd/grc/render/frameworks.go:217.41,219.26 2 10
github.com/sirosfoundation/go-grc/cmd/grc/render/frameworks.go:219.26,220.17 1 13
github.com/sirosfoundation/go-grc/cmd/grc/render/frameworks.go:220.17,222.4 1 13
github.com/sirosfoundation/go-grc/cmd/grc/render/frameworks.go:224.2,224.33 1 10
github.com/sirosfoundation/go-grc/cmd/grc/render/frameworks.go:227.42,235.2 1 1
github.com/sirosfoundation/go-grc/cmd/grc/render/frameworks.go:237.55,238.31 1 10
github.com/sirosfoundation/go-grc/cmd/grc/render/frameworks.go:238.31,250.3 1 4
github.com/sirosfoundation/go-grc/cmd/grc/render/frameworks.go:251.2,255.3 1 6
github.com/sirosfoundation/go-grc/cmd/grc/render/frameworks.go:272.44,279.2 1 6
github.com/sirosfoundation/go-grc/cmd/grc/render/frameworks.go:281.236,284.21 3 10
github.com/sirosfoundation/go-grc/cmd/grc/render/frameworks.go:284.21,287.3 2 2
github.com/sirosfoundation/go-grc/cmd/grc/render/frameworks.go:289.2,290.51 2 10
github.com/sirosfoundation/go-grc/cmd/grc/render/frameworks.go:290.51,292.3 1 10
github.com/sirosfoundation/go-grc/cmd/grc/render/frameworks.go:294.2,298.95 4 10
github.com/sirosfoundation/go-grc/cmd/grc/render/frameworks.go:298.95,300.3 1 2
github.com/sirosfoundation/go-grc/cmd/grc/render/frameworks.go:302.2,303.19 2 10
github.com/sirosfoundation/go-grc/cmd/grc/render/frameworks.go:303.19,305.3 1 2
github.com/sirosfoundation/go-grc/cmd/grc/render/frameworks.go:306.2,306.15 1 10
github.com/sirosfoundation/go-grc/cmd/grc/render/frameworks.go:306.15,310.3 3 5
github.com/sirosfoundation/go-grc/cmd/grc/render/frameworks.go:311.2,311.24 1 10
github.com/sirosfoundation/go-grc/cmd/grc/render/frameworks.go:311.24,313.3 1 10
github.com/sirosfoundation/go-grc/cmd/grc/render/frameworks.go:314.2,316.37 2 10
github.com/sirosfoundation/go-grc/cmd/grc/render/frameworks.go:316.37,318.3 1 0
github.com/sirosfoundation/go-grc/cmd/grc/render/frameworks.go:320.2,320.30 1 10
github.com/sirosfoundation/go-grc/cmd/grc/render/frameworks.go:320.30,321.15 1 10
github.com/sirosfoundation/go-grc/cmd/grc/render/frameworks.go:321.15,323.40 2 5
github.com/sirosfoundation/go-grc/cmd/grc/render/frameworks.go:323.40,327.11 4 7
github.com/sirosfoundation/go-grc/cmd/grc/render/frameworks.go:327.11,329.6 1 7
github.com/sirosfoundation/go-grc/cmd/grc/render/frameworks.go:330.5,330.54 1 7
github.com/sirosfoundation/go-grc/cmd/grc/render/frameworks.go:332.9,334.40 2 5
github.com/sirosfoundation/go-grc/cmd/grc/render/frameworks.go:334.40,339.11 5 7
github.com/sirosfoundation/go-grc/cmd/grc/render/frameworks.go:339.11,342.6 2 7
github.com/sirosfoundation/go-grc/cmd/grc/render/frameworks.go:343.5,343.71 1 7
github.com/sirosfoundation/go-grc/cmd/grc/render/frameworks.go:346.3,346.22 1 10
github.com/sirosfoundation/go-grc/cmd/grc/render/frameworks.go:349.2,349.15 1 10
github.com/sirosfoundation/go-grc/cmd/grc/render/frameworks.go:349.15,351.36 2 5
github.com/sirosfoundation/go-grc/cmd/grc/render/frameworks.go:351.36,352.41 1 5
github.com/sirosfoundation/go-grc/cmd/grc/render/frameworks.go:352.41,354.5 1 0
github.com/sirosfoundation/go-grc/cmd/grc/render/frameworks.go:356.3,356.23 1 5
github.com/sirosfoundation/go-grc/cmd/grc/render/frameworks.go:356.23,358.30 2 0
github.com/sirosfoundation/go-grc/cmd/grc/render/frameworks.go:358.30,360.5 1 0
github.com/sirosfoundation/go-grc/cmd/grc/render/frameworks.go:361.4,361.23 1 0
github.com/sirosfoundation/go-grc/cmd/grc/render/frameworks.go:366.2,366.24 1 10
github.com/sirosfoundation/go-grc/cmd/grc/render/frameworks.go:366.24,368.72 2 0
github.com/sirosfoundation/go-grc/cmd/grc/render/frameworks.go:368.72,370.4 1 0
github.com/sirosfoundation/go-grc/cmd/grc/render/frameworks.go:371.3,371.68 1 0
github.com/sirosfoundation/go-grc/cmd/grc/render/frameworks.go:372.8,374.3 1 10
github.com/sirosfoundation/go-grc/cmd/grc/render/frameworks.go:375.2,375.19 1 10
github.com/sirosfoundation/go-grc/cmd/grc/render/frameworks.go:378.60,379.38 1 0
github.com/sirosfoundation/go-grc/cmd/grc/render/frameworks.go:379.38,380.24 1 0
github.com/sirosfoundation/go-grc/cmd/grc/render/frameworks.go:380.24,382.23 2 0
github.com/sirosfoundation/go-grc/cmd/grc/render/frameworks.go:382.23,384.5 1 0
github.com/sirosfoundation/go-grc/cmd/grc/render/frameworks.go:384.10,386.5 1 0
github.com/sirosfoundation/go-grc/cmd/grc/render/frameworks.go:387.4,387.26 1 0
github.com/sirosfoundation/go-grc/cmd/grc/render/frameworks.go:387.26,389.5 1 0
github.com/sirosfoundation/go-grc/cmd/grc/render/frameworks.go:390.4,390.34 1 0
github.com/sirosfoundation/go-grc/cmd/grc/render/frameworks.go:393.2,393.13 1 0
github.com/sirosfoundation/go-grc/cmd/grc/render/frameworks.go:396.63,397.38 1 0
github.com/sirosfoundation/go-grc/cmd/grc/render/frameworks.go:397.38,398.22 1 0
github.com/sirosfoundation/go-grc/cmd/grc/render/frameworks.go:398.22,400.48 2 0
github.com/sirosfoundation/go-grc/cmd/grc/render/frameworks.go:400.48,402.5 1 0
github.com/sirosfoundation/go-grc/cmd/grc/render/frameworks.go:405.2,405.11 1 0
github.com/sirosfoundation/go-grc/cmd/grc/render/frameworks.go:408.67,410.2 1 5
github.com/sirosfoundation/go-grc/cmd/grc/render/helpers.go:16.44,17.62 1 54
github.com/sirosfoundation/go-grc/cmd/grc/render/helpers.go:17.62,19.3 1 0
github.com/sirosfoundation/go-grc/cmd/grc/render/helpers.go:20.2,20.50 1 54
github.com/sirosfoundation/go-grc/cmd/grc/render/helpers.go:23.54,29.2 2 10
github.com/sirosfoundation/go-grc/cmd/grc/render/helpers.go:31.31,33.2 1 31
github.com/sirosfoundation/go-grc/cmd/grc/render/helpers.go:37.35,43.2 5 20
github.com/sirosfoundation/go-grc/cmd/grc/render/helpers.go:45.44,46.27 1 36
github.com/sirosfoundation/go-grc/cmd/grc/render/helpers.go:46.27,48.3 1 36
github.com/sirosfoundation/go-grc/cmd/grc/render/helpers.go:49.2,49.20 1 0
github.com/sirosfoundation/go-grc/cmd/grc/render/helpers.go:52.36,53.30 1 6
github.com/sirosfoundation/go-grc/cmd/grc/render/helpers.go:53.30,55.3 1 2
github.com/sirosfoundation/go-grc/cmd/grc/render/helpers.go:56.2,56.20 1 4
github.com/sirosfoundation/go-grc/cmd/grc/render/helpers.go:59.36,60.30 1 6
github.com/sirosfoundation/go-grc/cmd/grc/render/helpers.go:60.30,62.3 1 2
github.com/sirosfoundation/go-grc/cmd/grc/render/helpers.go:63.2,63.10 1 4
github.com/sirosfoundation/go-grc/cmd/grc/render/helpers.go:68.35,75.23 2 15
github.com/sirosfoundation/go-grc/cmd/grc/render/helpers.go:75.23,77.3 1 15
github.com/sirosfoundation/go-grc/cmd/grc/render/helpers.go:78.2,78.10 1 0
github.com/sirosfoundation/go-grc/cmd/grc/render/helpers.go:81.34,89.26 4 37
github.com/sirosfoundation/go-grc/cmd/grc/render/helpers.go:89.26,90.29 1 37
github.com/sirosfoundation/go-grc/cmd/grc/render/helpers.go:90.29,92.4 1 17
github.com/sirosfoundation/go-grc/cmd/grc/render/helpers.go:92.9,94.4 1 20
github.com/sirosfoundation/go-grc/cmd/grc/render/helpers.go:96.2,96.31 1 37
github.com/sirosfoundation/go-grc/cmd/grc/render/helpers.go:99.32,108.29 2 10
github.com/sirosfoundation/go-grc/cmd/grc/render/helpers.go:108.29,110.3 1 10
github.com/sirosfoundation/go-grc/cmd/grc/render/helpers.go:111.2,111.10 1 0
github.com/sirosfoundation/go-grc/cmd/grc/render/helpers.go:114.36,121.23 2 0
github.com/sirosfoundation/go-grc/cmd/grc/render/helpers.go:121.23,123.3 1 0
github.com/sirosfoundation/go-grc/cmd/grc/render/helpers.go:124.2,124.10 1 0
github.com/sirosfoundation/go-grc/cmd/grc/render/helpers.go:127.42,134.23 2 6
github.com/sirosfoundation/go-grc/cmd/grc/render/helpers.go:134.23,136.3 1 6
github.com/sirosfoundation/go-grc/cmd/grc/render/helpers.go:137.2,137.10 1 0
github.com/sirosfoundation/go-grc/cmd/grc/render/helpers.go:140.31,142.23 2 6
github.com/sirosfoundation/go-grc/cmd/grc/render/helpers.go:142.23,144.3 1 6
github.com/sirosfoundation/go-grc/cmd/grc/render/helpers.go:145.2,145.11 1 0
github.com/sirosfoundation/go-grc/cmd/grc/render/helpers.go:148.28,149.11 1 0
github.com/sirosfoundation/go-grc/cmd/grc/render/helpers.go:150.18,151.11 1 0
github.com/sirosfoundation/go-grc/cmd/grc/render/helpers.go:152.14,153.11 1 0
github.com/sirosfoundation/go-grc/cmd/grc/render/helpers.go:154.16,155.11 1 0
github.com/sirosfoundation/go-grc/cmd/grc/render/helpers.go:156.13,157.11 1 0
github.com/sirosfoundation/go-grc/cmd/grc/render/helpers.go:159.2,159.10 1 0
github.com/sirosfoundation/go-grc/cmd/grc/render/helpers.go:164.40,166.25 2 7
github.com/sirosfoundation/go-grc/cmd/grc/render/helpers.go:166.25,168.3 1 9
github.com/sirosfoundation/go-grc/cmd/grc/render/helpers.go:169.2,169.34 1 7
github.com/sirosfoundation/go-grc/cmd/grc/render/helpers.go:172.36,173.35 1 23
github.com/sirosfoundation/go-grc/cmd/grc/render/helpers.go:173.35,175.3 1 23
github.com/sirosfoundation/go-grc/cmd/grc/render/helpers.go:176.2,176.23 1 0
github.com/sirosfoundation/go-grc/cmd/grc/render/helpers.go:179.41,180.41 1 19
github.com/sirosfoundation/go-grc/cmd/grc/render/helpers.go:180.41,181.33 1 19
github.com/sirosfoundation/go-grc/cmd/grc/render/helpers.go:181.33,183.4 1 19
github.com/sirosfoundation/go-grc/cmd/grc/render/helpers.go:185.2,185.24 1 0
github.com/sirosfoundation/go-grc/cmd/grc/render/helpers.go:188.43,189.28 1 7
github.com/sirosfoundation/go-grc/cmd/grc/render/helpers.go:189.28,191.3 1 5
github.com/sirosfoundation/go-grc/cmd/grc/render/helpers.go:192.2,192.25 1 2
github.com/sirosfoundation/go-grc/cmd/grc/render/helpers.go:197.79,199.29 2 2
github.com/sirosfoundation/go-grc/cmd/grc/render/helpers.go:199.29,201.32 2 6
github.com/sirosfoundation/go-grc/cmd/grc/render/helpers.go:201.32,202.35 1 10
github.com/sirosfoundation/go-grc/cmd/grc/render/helpers.go:202.35,204.5 1 14
github.com/sirosfoundation/go-grc/cmd/grc/render/helpers.go:206.3,206.22 1 6
github.com/sirosfoundation/go-grc/cmd/grc/render/helpers.go:208.2,208.13 1 2
github.com/sirosfoundation/go-grc/cmd/grc/render/helpers.go:220.13,237.2 2 1
github.com/sirosfoundation/go-grc/cmd/grc/render/helpers.go:239.43,240.37 1 2
github.com/sirosfoundation/go-grc/cmd/grc/render/helpers.go:240.37,242.3 1 10
github.com/sirosfoundation/go-grc/cmd/grc/render/helpers.go:243.2,244.13 2 2
github.com/sirosfoundation/go-grc/cmd/grc/render/landing.go:27.85,30.35 3 2
github.com/sirosfoundation/go-grc/cmd/grc/render/landing.go:30.35,32.39 2 6
github.com/sirosfoundation/go-grc/cmd/grc/render/landing.go:32.39,33.30 1 10
github.com/sirosfoundation/go-grc/cmd/grc/render/landing.go:33.30,34.63 1 10
github.com/sirosfoundation/go-grc/cmd/grc/render/landing.go:34.63,35.14 1 2
github.com/sirosfoundation/go-grc/cmd/grc/render/landing.go:37.5,38.29 2 8
github.com/sirosfoundation/go-grc/cmd/grc/render/landing.go:43.2,59.34 4 2
github.com/sirosfoundation/go-grc/cmd/grc/render/landing.go:59.34,63.3 3 12
github.com/sirosfoundation/go-grc/cmd/grc/render/landing.go:64.2,67.34 3 2
github.com/sirosfoundation/go-grc/cmd/grc/render/landing.go:67.34,70.22 3 12
github.com/sirosfoundation/go-grc/cmd/grc/render/landing.go:70.22,72.12 2 9
github.com/sirosfoundation/go-grc/cmd/grc/render/landing.go:74.3,74.15 1 3
github.com/sirosfoundation/go-grc/cmd/grc/render/landing.go:74.15,76.4 1 2
github.com/sirosfoundation/go-grc/cmd/grc/render/landing.go:76.9,78.4 1 1
github.com/sirosfoundation/go-grc/cmd/grc/render/landing.go:79.3,79.30 1 3
github.com/sirosfoundation/go-grc/cmd/grc/render/landing.go:79.30,82.18 3 8
github.com/sirosfoundation/go-grc/cmd/grc/render/landing.go:82.18,84.5 1 0
github.com/sirosfoundation/go-grc/cmd/grc/render/landing.go:85.4,85.16 1 8
github.com/sirosfoundation/go-grc/cmd/grc/render/landing.go:85.16,88.5 1 5
github.com/sirosfoundation/go-grc/cmd/grc/render/landing.go:88.10,92.5 1 3
github.com/sirosfoundation/go-grc/cmd/grc/render/landing.go:94.3,94.22 1 3
github.com/sirosfoundation/go-grc/cmd/grc/render/landing.go:97.2,97.68 1 2
github.com/sirosfoundation/go-grc/cmd/grc/render/landing.go:100.80,102.35 2 2
github.com/sirosfoundation/go-grc/cmd/grc/render/landing.go:102.35,103.39 1 6
github.com/sirosfoundation/go-grc/cmd/grc/render/landing.go:103.39,104.30 1 10
github.com/sirosfoundation/go-grc/cmd/grc/render/landing.go:104.30,106.5 1 10
github.com/sirosfoundation/go-grc/cmd/grc/render/landing.go:110.2,112.35 3 2
github.com/sirosfoundation/go-grc/cmd/grc/render/landing.go:112.35,114.26 2 6
github.com/sirosfoundation/go-grc/cmd/grc/render/landing.go:114.26,116.4 1 4
github.com/sirosfoundation/go-grc/cmd/grc/render/landing.go:116.9,118.4 1 2
github.com/sirosfoundation/go-grc/cmd/grc/render/landing.go:121.2,145.24 12 2
github.com/sirosfoundation/go-grc/cmd/grc/render/landing.go:145.24,147.3 1 2
github.com/sirosfoundation/go-grc/cmd/grc/render/landing.go:148.2,148.24 1 2
github.com/sirosfoundation/go-grc/cmd/grc/render/landing.go:148.24,150.3 1 0
github.com/sirosfoundation/go-grc/cmd/grc/render/landing.go:151.2,172.36 17 2
github.com/sirosfoundation/go-grc/cmd/grc/render/landing.go:172.36,177.3 4 6
github.com/sirosfoundation/go-grc/cmd/grc/render/landing.go:179.2,189.32 3 2
github.com/sirosfoundation/go-grc/cmd/grc/render/landing.go:189.32,192.13 3 6
github.com/sirosfoundation/go-grc/cmd/grc/render/landing.go:192.13,194.4 1 2
github.com/sirosfoundation/go-grc/cmd/grc/render/landing.go:195.3,197.13 3 6
github.com/sirosfoundation/go-grc/cmd/grc/render/landing.go:197.13,199.4 1 2
github.com/sirosfoundation/go-grc/cmd/grc/render/landing.go:200.3,201.13 2 6
github.com/sirosfoundation/go-grc/cmd/grc/render/landing.go:201.13,203.4 1 2
github.com/sirosfoundation/go-grc/cmd/grc/render/landing.go:206.2,207.34 2 2
github.com/sirosfoundation/go-grc/cmd/grc/render/landing.go:207.34,213.3 5 12
[...]
github.com/sirosfoundation/go-grc/cmd/grc/render/risks.go:17.2,17.90 1 1
github.com/sirosfoundation/go-grc/cmd/grc/render/risks.go:17.90,19.3 1 0
github.com/sirosfoundation/go-grc/cmd/grc/render/risks.go:21.2,21.35 1 1
github.com/sirosfoundation/go-grc/cmd/grc/render/risks.go:21.35,22.37 1 1
github.com/sirosfoundation/go-grc/cmd/grc/render/risks.go:22.37,24.114 2 1
github.com/sirosfoundation/go-grc/cmd/grc/render/risks.go:24.114,26.5 1 0
github.com/sirosfoundation/go-grc/cmd/grc/render/risks.go:29.2,29.12 1 1
github.com/sirosfoundation/go-grc/cmd/grc/render/risks.go:32.50,37.35 4 1
github.com/sirosfoundation/go-grc/cmd/grc/render/risks.go:37.35,43.34 4 1
github.com/sirosfoundation/go-grc/cmd/grc/render/risks.go:43.34,45.4 1 0
github.com/sirosfoundation/go-grc/cmd/grc/render/risks.go:47.3,49.37 3 1
github.com/sirosfoundation/go-grc/cmd/grc/render/risks.go:49.37,51.27 2 1
github.com/sirosfoundation/go-grc/cmd/grc/render/risks.go:51.27,53.5 1 1
github.com/sirosfoundation/go-grc/cmd/grc/render/risks.go:54.4,58.24 1 1
github.com/sirosfoundation/go-grc/cmd/grc/render/risks.go:60.3,60.22 1 1
github.com/sirosfoundation/go-grc/cmd/grc/render/risks.go:62.2,62.19 1 1
github.com/sirosfoundation/go-grc/cmd/grc/render/risks.go:65.56,76.25 10 1
github.com/sirosfoundation/go-grc/cmd/grc/render/risks.go:76.25,78.3 1 1
github.com/sirosfoundation/go-grc/cmd/grc/render/risks.go:79.2,82.23 4 1
github.com/sirosfoundation/go-grc/cmd/grc/render/risks.go:82.23,85.3 1 1
github.com/sirosfoundation/go-grc/cmd/grc/render/risks.go:86.2,88.25 2 1
github.com/sirosfoundation/go-grc/cmd/grc/render/risks.go:88.25,90.3 1 1
github.com/sirosfoundation/go-grc/cmd/grc/render/risks.go:92.2,92.37 1 1
github.com/sirosfoundation/go-grc/cmd/grc/render/risks.go:92.37,94.45 2 1
github.com/sirosfoundation/go-grc/cmd/grc/render/risks.go:94.45,96.4 1 2
github.com/sirosfoundation/go-grc/cmd/grc/render/risks.go:97.3,97.22 1 1
github.com/sirosfoundation/go-grc/cmd/grc/render/risks.go:100.2,100.26 1 1
github.com/sirosfoundation/go-grc/cmd/grc/render/risks.go:100.26,102.3 1 1
github.com/sirosfoundation/go-grc/cmd/grc/render/risks.go:104.2,104.32 1 1
github.com/sirosfoundation/go-grc/cmd/grc/render/risks.go:104.32,106.3 1 1
github.com/sirosfoundation/go-grc/cmd/grc/render/risks.go:108.2,108.19 1 1
github.com/sirosfoundation/go-grc/pkg/github/client.go:47.62,50.2 2 0
github.com/sirosfoundation/go-grc/pkg/github/client.go:52.53,54.21 2 4
github.com/sirosfoundation/go-grc/pkg/github/client.go:54.21,56.3 1 1
github.com/sirosfoundation/go-grc/pkg/github/client.go:57.2,57.32 1 3
github.com/sirosfoundation/go-grc/pkg/github/client.go:61.99,63.16 2 0
github.com/sirosfoundation/go-grc/pkg/github/client.go:63.16,65.3 1 0
github.com/sirosfoundation/go-grc/pkg/github/client.go:67.2,68.16 2 0
github.com/sirosfoundation/go-grc/pkg/github/client.go:68.16,70.3 1 0
github.com/sirosfoundation/go-grc/pkg/github/client.go:72.2,76.30 2 0
github.com/sirosfoundation/go-grc/pkg/github/client.go:76.30,78.3 1 0
github.com/sirosfoundation/go-grc/pkg/github/client.go:79.2,79.33 1 0
github.com/sirosfoundation/go-grc/pkg/github/client.go:79.33,81.3 1 0
github.com/sirosfoundation/go-grc/pkg/github/client.go:83.2,83.19 1 0
github.com/sirosfoundation/go-grc/pkg/github/client.go:88.117,90.16 2 0
github.com/sirosfoundation/go-grc/pkg/github/client.go:90.16,92.3 1 0
github.com/sirosfoundation/go-grc/pkg/github/client.go:94.2,101.6 4 0
github.com/sirosfoundation/go-grc/pkg/github/client.go:101.6,103.17 2 0
github.com/sirosfoundation/go-grc/pkg/github/client.go:103.17,105.4 1 0
github.com/sirosfoundation/go-grc/pkg/github/client.go:107.3,107.36 1 0
github.com/sirosfoundation/go-grc/pkg/github/client.go:107.36,110.64 2 0
github.com/sirosfoundation/go-grc/pkg/github/client.go:110.64,113.44 3 0
github.com/sirosfoundation/go-grc/pkg/github/client.go:113.44,114.14 1 0
github.com/sirosfoundation/go-grc/pkg/github/client.go:116.5,116.19 1 0
github.com/sirosfoundation/go-grc/pkg/github/client.go:116.19,119.6 2 0
github.com/sirosfoundation/go-grc/pkg/github/client.go:122.4,122.65 1 0
github.com/sirosfoundation/go-grc/pkg/github/client.go:122.65,125.44 3 0
github.com/sirosfoundation/go-grc/pkg/github/client.go:125.44,126.14 1 0
github.com/sirosfoundation/go-grc/pkg/github/client.go:128.5,128.19 1 0
github.com/sirosfoundation/go-grc/pkg/github/client.go:128.19,131.6 2 0
github.com/sirosfoundation/go-grc/pkg/github/client.go:133.4,133.66 1 0
github.com/sirosfoundation/go-grc/pkg/github/client.go:133.66,136.19 3 0
github.com/sirosfoundation/go-grc/pkg/github/client.go:136.19,137.45 1 0
github.com/sirosfoundation/go-grc/pkg/github/client.go:137.45,138.15 1 0
github.com/sirosfoundation/go-grc/pkg/github/client.go:140.6,141.70 2 0
github.com/sirosfoundation/go-grc/pkg/github/client.go:146.3,146.25 1 0
github.com/sirosfoundation/go-grc/pkg/github/client.go:146.25,147.9 1 0
github.com/sirosfoundation/go-grc/pkg/github/client.go:149.3,149.28 1 0
github.com/sirosfoundation/go-grc/pkg/github/client.go:152.2,152.25 1 0
github.com/sirosfoundation/go-grc/pkg/github/client.go:156.107,158.16 2 0
github.com/sirosfoundation/go-grc/pkg/github/client.go:158.16,160.3 1 0
github.com/sirosfoundation/go-grc/pkg/github/client.go:162.2,169.16 3 0
github.com/sirosfoundation/go-grc/pkg/github/client.go:169.16,171.3 1 0
github.com/sirosfoundation/go-grc/pkg/github/client.go:173.2,173.31 1 0
github.com/sirosfoundation/go-grc/pkg/github/client.go:177.97,179.16 2 0
github.com/sirosfoundation/go-grc/pkg/github/client.go:179.16,181.3 1 0
github.com/sirosfoundation/go-grc/pkg/github/client.go:183.2,184.16 2 0
github.com/sirosfoundation/go-grc/pkg/github/client.go:184.16,186.3 1 0
github.com/sirosfoundation/go-grc/pkg/github/client.go:188.2,189.29 2 0
github.com/sirosfoundation/go-grc/pkg/github/client.go:189.29,191.3 1 0
github.com/sirosfoundation/go-grc/pkg/github/client.go:193.2,193.35 1 0
github.com/sirosfoundation/go-grc/pkg/github/client.go:193.35,194.25 1 0
github.com/sirosfoundation/go-grc/pkg/github/client.go:194.25,195.12 1 0
github.com/sirosfoundation/go-grc/pkg/github/client.go:197.3,201.17 2 0
github.com/sirosfoundation/go-grc/pkg/github/client.go:201.17,203.4 1 0
github.com/sirosfoundation/go-grc/pkg/github/client.go:206.2,206.12 1 0
github.com/sirosfoundation/go-grc/pkg/github/client.go:211.109,213.16 2 0
github.com/sirosfoundation/go-grc/pkg/github/client.go:213.16,215.3 1 0
github.com/sirosfoundation/go-grc/pkg/github/client.go:217.2,218.16 2 0
github.com/sirosfoundation/go-grc/pkg/github/client.go:218.16,220.3 1 0
github.com/sirosfoundation/go-grc/pkg/github/client.go:222.2,222.21 1 0
github.com/sirosfoundation/go-grc/pkg/github/client.go:222.21,224.3 1 0
github.com/sirosfoundation/go-grc/pkg/github/client.go:226.2,227.24 2 0
github.com/sirosfoundation/go-grc/pkg/github/client.go:227.24,229.3 1 0
github.com/sirosfoundation/go-grc/pkg/github/client.go:231.2,231.52 1 0
github.com/sirosfoundation/go-grc/pkg/github/client.go:236.97,238.16 2 0
github.com/sirosfoundation/go-grc/pkg/github/client.go:238.16,240.3 1 0
github.com/sirosfoundation/go-grc/pkg/github/client.go:242.2,243.16 2 0
github.com/sirosfoundation/go-grc/pkg/github/client.go:243.16,245.3 1 0
github.com/sirosfoundation/go-grc/pkg/github/client.go:247.2,247.34 1 0
github.com/sirosfoundation/go-grc/pkg/github/client.go:247.34,249.3 1 0
github.com/sirosfoundation/go-grc/pkg/github/client.go:250.2,250.27 1 0
github.com/sirosfoundation/go-grc/pkg/github/client.go:250.27,252.3 1 0
github.com/sirosfoundation/go-grc/pkg/github/client.go:253.2,253.16 1 0
github.com/sirosfoundation/go-grc/pkg/github/client.go:257.97,259.16 2 0
github.com/sirosfoundation/go-grc/pkg/github/client.go:259.16,261.3 1 0
github.com/sirosfoundation/go-grc/pkg/github/client.go:262.2,263.16 2 0
github.com/sirosfoundation/go-grc/pkg/github/client.go:263.16,265.3 1 0
github.com/sirosfoundation/go-grc/pkg/github/client.go:266.2,266.12 1 0
github.com/sirosfoundation/go-grc/pkg/github/client.go:268.29,271.2 2 0
github.com/sirosfoundation/go-grc/cmd/grc/sync/sync.go:20.34,35.55 2 4
github.com/sirosfoundation/go-grc/cmd/grc/sync/sync.go:35.55,38.4 2 1
github.com/sirosfoundation/go-grc/cmd/grc/sync/sync.go:41.2,48.55 3 4
github.com/sirosfoundation/go-grc/cmd/grc/sync/sync.go:48.55,52.4 3 3
github.com/sirosfoundation/go-grc/cmd/grc/sync/sync.go:54.2,57.12 3 4
github.com/sirosfoundation/go-grc/cmd/grc/sync/sync.go:60.48,62.16 2 1
github.com/sirosfoundation/go-grc/cmd/grc/sync/sync.go:62.16,64.3 1 0
github.com/sirosfoundation/go-grc/cmd/grc/sync/sync.go:65.2,65.16 1 1
github.com/sirosfoundation/go-grc/cmd/grc/sync/sync.go:65.16,67.3 1 1
github.com/sirosfoundation/go-grc/cmd/grc/sync/sync.go:68.2,71.17 3 1
github.com/sirosfoundation/go-grc/cmd/grc/sync/sync.go:71.17,73.3 1 1
github.com/sirosfoundation/go-grc/cmd/grc/sync/sync.go:74.2,74.17 1 1
github.com/sirosfoundation/go-grc/cmd/grc/sync/sync.go:74.17,76.3 1 1
github.com/sirosfoundation/go-grc/cmd/grc/sync/sync.go:78.2,81.16 3 0
github.com/sirosfoundation/go-grc/cmd/grc/sync/sync.go:81.16,83.3 1 0
github.com/sirosfoundation/go-grc/cmd/grc/sync/sync.go:85.2,101.13 3 0
github.com/sirosfoundation/go-grc/cmd/grc/sync/sync.go:101.13,102.70 1 0
github.com/sirosfoundation/go-grc/cmd/grc/sync/sync.go:102.70,104.4 1 0
github.com/sirosfoundation/go-grc/cmd/grc/sync/sync.go:107.2,107.31 1 0
github.com/sirosfoundation/go-grc/cmd/grc/sync/sync.go:107.31,111.37 4 0
github.com/sirosfoundation/go-grc/cmd/grc/sync/sync.go:111.37,113.48 2 0
github.com/sirosfoundation/go-grc/cmd/grc/sync/sync.go:113.48,114.13 1 0
github.com/sirosfoundation/go-grc/cmd/grc/sync/sync.go:117.4,118.57 2 0
github.com/sirosfoundation/go-grc/cmd/grc/sync/sync.go:118.57,120.5 1 0
github.com/sirosfoundation/go-grc/cmd/grc/sync/sync.go:121.4,121.21 1 0
github.com/sirosfoundation/go-grc/cmd/grc/sync/sync.go:121.21,122.52 1 0
github.com/sirosfoundation/go-grc/cmd/grc/sync/sync.go:122.52,124.6 1 0
github.com/sirosfoundation/go-grc/cmd/grc/sync/sync.go:126.4,129.14 3 0
github.com/sirosfoundation/go-grc/cmd/grc/sync/sync.go:129.14,131.13 2 0
github.com/sirosfoundation/go-grc/cmd/grc/sync/sync.go:134.4,135.18 2 0
github.com/sirosfoundation/go-grc/cmd/grc/sync/sync.go:135.18,137.13 2 0
github.com/sirosfoundation/go-grc/cmd/grc/sync/sync.go:140.4,143.19 4 0
github.com/sirosfoundation/go-grc/cmd/grc/sync/sync.go:146.3,146.29 1 0
github.com/sirosfoundation/go-grc/cmd/grc/sync/sync.go:146.29,147.38 1 0
github.com/sirosfoundation/go-grc/cmd/grc/sync/sync.go:147.38,149.5 1 0
github.com/sirosfoundation/go-grc/cmd/grc/sync/sync.go:154.2,156.31 2 0
github.com/sirosfoundation/go-grc/cmd/grc/sync/sync.go:156.31,158.37 2 0
github.com/sirosfoundation/go-grc/cmd/grc/sync/sync.go:158.37,160.30 2 0
github.com/sirosfoundation/go-grc/cmd/grc/sync/sync.go:160.30,161.13 1 0
github.com/sirosfoundation/go-grc/cmd/grc/sync/sync.go:164.4,169.18 4 0
github.com/sirosfoundation/go-grc/cmd/grc/sync/sync.go:169.18,171.5 1 0
github.com/sirosfoundation/go-grc/cmd/grc/sync/sync.go:172.4,172.38 1 0
github.com/sirosfoundation/go-grc/cmd/grc/sync/sync.go:172.38,173.36 1 0
github.com/sirosfoundation/go-grc/cmd/grc/sync/sync.go:173.36,177.17 4 0
github.com/sirosfoundation/go-grc/cmd/grc/sync/sync.go:177.17,179.7 1 0
github.com/sirosfoundation/go-grc/cmd/grc/sync/sync.go:182.4,182.35 1 0
github.com/sirosfoundation/go-grc/cmd/grc/sync/sync.go:182.35,183.42 1 0
github.com/sirosfoundation/go-grc/cmd/grc/sync/sync.go:183.42,187.17 4 0
github.com/sirosfoundation/go-grc/cmd/grc/sync/sync.go:187.17,189.7 1 0
github.com/sirosfoundation/go-grc/cmd/grc/sync/sync.go:194.4,195.18 2 0
github.com/sirosfoundation/go-grc/cmd/grc/sync/sync.go:195.18,197.13 2 0
github.com/sirosfoundation/go-grc/cmd/grc/sync/sync.go:199.4,203.49 3 0
github.com/sirosfoundation/go-grc/cmd/grc/sync/sync.go:203.49,204.15 1 0
github.com/sirosfoundation/go-grc/cmd/grc/sync/sync.go:204.15,206.6 1 0
github.com/sirosfoundation/go-grc/cmd/grc/sync/sync.go:206.11,211.6 4 0
github.com/sirosfoundation/go-grc/cmd/grc/sync/sync.go:212.10,212.48 1 0
github.com/sirosfoundation/go-grc/cmd/grc/sync/sync.go:212.48,215.52 2 0
github.com/sirosfoundation/go-grc/cmd/grc/sync/sync.go:215.52,217.6 1 0
github.com/sirosfoundation/go-grc/cmd/grc/sync/sync.go:218.5,218.16 1 0
github.com/sirosfoundation/go-grc/cmd/grc/sync/sync.go:218.16,219.71 1 0
github.com/sirosfoundation/go-grc/cmd/grc/sync/sync.go:219.71,221.7 1 0
github.com/sirosfoundation/go-grc/cmd/grc/sync/sync.go:221.12,223.7 1 0
github.com/sirosfoundation/go-grc/cmd/grc/sync/sync.go:224.11,226.6 1 0
github.com/sirosfoundation/go-grc/cmd/grc/sync/sync.go:229.4,231.95 3 0
github.com/sirosfoundation/go-grc/cmd/grc/sync/sync.go:231.95,233.5 1 0
github.com/sirosfoundation/go-grc/cmd/grc/sync/sync.go:233.10,233.102 1 0
github.com/sirosfoundation/go-grc/cmd/grc/sync/sync.go:233.102,235.5 1 0
github.com/sirosfoundation/go-grc/cmd/grc/sync/sync.go:235.10,235.62 1 0
github.com/sirosfoundation/go-grc/cmd/grc/sync/sync.go:235.62,237.46 1 0
github.com/sirosfoundation/go-grc/cmd/grc/sync/sync.go:237.46,239.6 1 0
github.com/sirosfoundation/go-grc/cmd/grc/sync/sync.go:239.11,241.6 1 0
github.com/sirosfoundation/go-grc/cmd/grc/sync/sync.go:242.10,242.62 1 0
github.com/sirosfoundation/go-grc/cmd/grc/sync/sync.go:242.62,245.5 1 0
github.com/sirosfoundation/go-grc/cmd/grc/sync/sync.go:245.10,245.99 1 0
github.com/sirosfoundation/go-grc/cmd/grc/sync/sync.go:245.99,247.5 1 0
github.com/sirosfoundation/go-grc/cmd/grc/sync/sync.go:250.4,250.97 1 0
github.com/sirosfoundation/go-grc/cmd/grc/sync/sync.go:250.97,252.35 2 0
github.com/sirosfoundation/go-grc/cmd/grc/sync/sync.go:252.35,254.93 2 0
github.com/sirosfoundation/go-grc/cmd/grc/sync/sync.go:254.93,256.12 2 0
github.com/sirosfoundation/go-grc/cmd/grc/sync/sync.go:259.5,259.18 1 0
github.com/sirosfoundation/go-grc/cmd/grc/sync/sync.go:259.18,262.6 2 0
github.com/sirosfoundation/go-grc/cmd/grc/sync/sync.go:265.4,265.49 1 0
github.com/sirosfoundation/go-grc/cmd/grc/sync/sync.go:265.49,266.15 1 0
github.com/sirosfoundation/go-grc/cmd/grc/sync/sync.go:266.15,268.6 1 0
github.com/sirosfoundation/go-grc/cmd/grc/sync/sync.go:268.11,270.60 2 0
github.com/sirosfoundation/go-grc/cmd/grc/sync/sync.go:270.60,272.7 1 0
github.com/sirosfoundation/go-grc/cmd/grc/sync/sync.go:273.6,273.59 1 0
github.com/sirosfoundation/go-grc/cmd/grc/sync/sync.go:273.59,275.7 1 0
github.com/sirosfoundation/go-grc/cmd/grc/sync/sync.go:276.6,278.64 3 0
github.com/sirosfoundation/go-grc/cmd/grc/sync/sync.go:283.4,283.57 1 0
github.com/sirosfoundation/go-grc/cmd/grc/sync/sync.go:283.57,284.39 1 0
github.com/sirosfoundation/go-grc/cmd/grc/sync/sync.go:284.39,285.56 1 0
github.com/sirosfoundation/go-grc/cmd/grc/sync/sync.go:285.56,286.15 1 0
github.com/sirosfoundation/go-grc/cmd/grc/sync/sync.go:288.6,289.20 2 0
github.com/sirosfoundation/go-grc/cmd/grc/sync/sync.go:289.20,291.15 2 0
github.com/sirosfoundation/go-grc/cmd/grc/sync/sync.go:293.6,293.16 1 0
github.com/sirosfoundation/go-grc/cmd/grc/sync/sync.go:293.16,303.18 5 0
github.com/sirosfoundation/go-grc/cmd/grc/sync/sync.go:303.18,305.8 1 0
github.com/sirosfoundation/go-grc/cmd/grc/sync/sync.go:310.5,310.35 1 0
github.com/sirosfoundation/go-grc/cmd/grc/sync/sync.go:310.35,311.60 1 0
github.com/sirosfoundation/go-grc/cmd/grc/sync/sync.go:311.60,312.15 1 0
github.com/sirosfoundation/go-grc/cmd/grc/sync/sync.go:314.6,315.20 2 0
github.com/sirosfoundation/go-grc/cmd/grc/sync/sync.go:315.20,317.15 2 0
github.com/sirosfoundation/go-grc/cmd/grc/sync/sync.go:319.6,319.24 1 0
github.com/sirosfoundation/go-grc/cmd/grc/sync/sync.go:319.24,329.18 5 0
github.com/sirosfoundation/go-grc/cmd/grc/sync/sync.go:329.18,331.8 1 0
github.com/sirosfoundation/go-grc/cmd/grc/sync/sync.go:336.5,336.51 1 0
github.com/sirosfoundation/go-grc/cmd/grc/sync/sync.go:336.51,338.20 2 0
github.com/sirosfoundation/go-grc/cmd/grc/sync/sync.go:338.20,341.7 1 0
github.com/sirosfoundation/go-grc/cmd/grc/sync/sync.go:341.12,341.31 1 0
github.com/sirosfoundation/go-grc/cmd/grc/sync/sync.go:341.31,351.18 5 0
github.com/sirosfoundation/go-grc/cmd/grc/sync/sync.go:351.18,354.8 1 0
github.com/sirosfoundation/go-grc/cmd/grc/sync/sync.go:361.2,361.13 1 0
github.com/sirosfoundation/go-grc/cmd/grc/sync/sync.go:361.13,362.30 1 0
github.com/sirosfoundation/go-grc/cmd/grc/sync/sync.go:362.30,363.38 1 0
github.com/sirosfoundation/go-grc/cmd/grc/sync/sync.go:363.38,365.5 1 0
github.com/sirosfoundation/go-grc/cmd/grc/sync/sync.go:369.2,370.12 2 0
github.com/sirosfoundation/go-grc/cmd/grc/sync/sync.go:370.12,372.3 1 0
github.com/sirosfoundation/go-grc/cmd/grc/sync/sync.go:373.2,376.12 2 0
github.com/sirosfoundation/go-grc/cmd/grc/sync/sync.go:379.60,381.16 2 3
github.com/sirosfoundation/go-grc/cmd/grc/sync/sync.go:381.16,383.3 1 0
github.com/sirosfoundation/go-grc/cmd/grc/sync/sync.go:384.2,385.16 2 3
github.com/sirosfoundation/go-grc/cmd/grc/sync/sync.go:385.16,387.3 1 0
github.com/sirosfoundation/go-grc/cmd/grc/sync/sync.go:389.2,390.9 2 3
github.com/sirosfoundation/go-grc/cmd/grc/sync/sync.go:390.9,392.3 1 1
github.com/sirosfoundation/go-grc/cmd/grc/sync/sync.go:394.2,395.16 2 2
github.com/sirosfoundation/go-grc/cmd/grc/sync/sync.go:395.16,397.3 1 0
github.com/sirosfoundation/go-grc/cmd/grc/sync/sync.go:399.2,400.10 2 2
github.com/sirosfoundation/go-grc/cmd/grc/sync/sync.go:400.10,401.45 1 1
github.com/sirosfoundation/go-grc/cmd/grc/sync/sync.go:401.45,404.4 2 0
github.com/sirosfoundation/go-grc/cmd/grc/sync/sync.go:405.3,405.104 1 1
github.com/sirosfoundation/go-grc/cmd/grc/sync/sync.go:406.8,407.39 1 1
github.com/sirosfoundation/go-grc/cmd/grc/sync/sync.go:407.39,410.4 2 0
github.com/sirosfoundation/go-grc/cmd/grc/sync/sync.go:411.3,411.92 1 1
github.com/sirosfoundation/go-grc/cmd/grc/sync/sync.go:414.2,414.41 1 2
github.com/sirosfoundation/go-grc/cmd/grc/sync/sync.go:414.41,416.3 1 0
github.com/sirosfoundation/go-grc/cmd/grc/sync/sync.go:418.2,419.10 2 2
github.com/sirosfoundation/go-grc/cmd/grc/sync/sync.go:419.10,421.3 1 1
github.com/sirosfoundation/go-grc/cmd/grc/sync/sync.go:422.2,423.12 2 2
github.com/sirosfoundation/go-grc/cmd/grc/sync/sync.go:426.62,432.25 6 1
github.com/sirosfoundation/go-grc/cmd/grc/sync/sync.go:432.25,434.3 1 1
github.com/sirosfoundation/go-grc/cmd/grc/sync/sync.go:435.2,435.25 1 1
github.com/sirosfoundation/go-grc/cmd/grc/sync/sync.go:435.25,437.3 1 1
github.com/sirosfoundation/go-grc/cmd/grc/sync/sync.go:438.2,439.19 2 1
github.com/sirosfoundation/go-grc/cmd/grc/sync/sync.go:442.55,444.21 2 7
github.com/sirosfoundation/go-grc/cmd/grc/sync/sync.go:444.21,446.52 2 6
github.com/sirosfoundation/go-grc/cmd/grc/sync/sync.go:446.52,448.4 1 4
github.com/sirosfoundation/go-grc/cmd/grc/sync/sync.go:450.2,450.84 1 3
github.com/sirosfoundation/go-grc/cmd/grc/sync/sync.go:453.66,454.25 1 5
github.com/sirosfoundation/go-grc/cmd/grc/sync/sync.go:454.25,455.51 1 3
github.com/sirosfoundation/go-grc/cmd/grc/sync/sync.go:455.51,457.4 1 1
github.com/sirosfoundation/go-grc/cmd/grc/sync/sync.go:459.2,459.14 1 4
github.com/sirosfoundation/go-grc/cmd/grc/sync/sync.go:462.52,463.27 1 3
github.com/sirosfoundation/go-grc/cmd/grc/sync/sync.go:463.27,464.18 1 4
github.com/sirosfoundation/go-grc/cmd/grc/sync/sync.go:464.18,466.4 1 1
github.com/sirosfoundation/go-grc/cmd/grc/sync/sync.go:468.2,468.14 1 2
github.com/sirosfoundation/go-grc/cmd/grc/sync/sync.go:471.46,473.27 2 4
github.com/sirosfoundation/go-grc/cmd/grc/sync/sync.go:473.27,474.37 1 6
github.com/sirosfoundation/go-grc/cmd/grc/sync/sync.go:474.37,476.4 1 3
github.com/sirosfoundation/go-grc/cmd/grc/sync/sync.go:478.2,479.35 2 4
github.com/sirosfoundation/go-grc/cmd/grc/sync/sync.go:482.78,484.30 2 2
github.com/sirosfoundation/go-grc/cmd/grc/sync/sync.go:484.30,485.20 1 3
github.com/sirosfoundation/go-grc/cmd/grc/sync/sync.go:485.20,487.4 1 1
github.com/sirosfoundation/go-grc/cmd/grc/sync/sync.go:489.2,489.14 1 1
github.com/sirosfoundation/go-grc/cmd/grc/main.go:25.13,44.42 12 0
github.com/sirosfoundation/go-grc/cmd/grc/main.go:44.42,46.3 1 0
